#
# A fatal error has been detected by the Java Runtime Environment:
#
#  SIGSEGV (0xb) at pc=0x00007fff9446e0dd, pid=2341, tid=2319
#
# JRE version: Java(TM) SE Runtime Environment (8.0_05-b13) (build 1.8.0_05-b13)
# Java VM: Java HotSpot(TM) 64-Bit Server VM (25.5-b02 mixed mode bsd-amd64 compressed oops)
# Problematic frame:
# C  [libobjc.A.dylib+0x10dd]  objc_msgSend+0x1d
#
# Failed to write core dump. Core dumps have been disabled. To enable core dumping, try "ulimit -c unlimited" before starting Java again
#
# If you would like to submit a bug report, please visit:
#   http://bugreport.sun.com/bugreport/crash.jsp
# The crash happened outside the Java Virtual Machine in native code.
# See problematic frame for where to report the bug.
#

---------------  T H R E A D  ---------------

Current thread (0x00007fa6db003000):  JavaThread "AppKit Thread" daemon [_thread_in_native, id=2319, stack(0x00007fff5ec64000,0x00007fff5f464000)]

siginfo:si_signo=SIGSEGV: si_errno=0, si_code=1 (SEGV_MAPERR), si_addr=0x000007fa6d9c5ce8

Registers:
RAX=0x00007fa6d9c08110, RBX=0x00007fff5f45ec28, RCX=0x0000000000000000, RDX=0x00007fa6d9f1b900
RSP=0x00007fff5f45ea48, RBP=0x00007fff5f45ea50, RSI=0x00007fff901d22f3, RDI=0x00007fa6d9c08110
R8 =0x00007fa6d9f108b0, R9 =0x00007fff5f45ea30, R10=0x00007fff901d22f3, R11=0x000007fa6d9c5cd0
R12=0x00007fa6d9f108b0, R13=0x00000000000f42e9, R14=0x00007fa6d9d1a6b0, R15=0x00007fff5f45eb88
RIP=0x00007fff9446e0dd, EFLAGS=0x0000000000010202, ERR=0x0000000000000004
  TRAPNO=0x000000000000000e

Top of Stack: (sp=0x00007fff5f45ea48)
0x00007fff5f45ea48:   00007fff9209250c 00007fff5f45edb0
0x00007fff5f45ea58:   00007fff91f83a94 00007fff5f45eaa0
0x00007fff5f45ea68:   00007fff5f45eb00 0000000000000000
0x00007fff5f45ea78:   00007fff5f45eafc 00007fff5f45eb04
0x00007fff5f45ea88:   00000000000007b0 000000000007e2dc
0x00007fff5f45ea98:   00007fa6d9d1a6b0 0000000000000000
0x00007fff5f45eaa8:   00007fff5f45eb80 0000000000000000
0x00007fff5f45eab8:   00007fa6d9c5e2b0 00007fff5f45ec00
0x00007fff5f45eac8:   0000000000000052 00000000000f42eb
0x00007fff5f45ead8:   00007fa6d9f1b900 00007fa6d9c5dd80
0x00007fff5f45eae8:   00007fa6d9f108b0 0000000000000001
0x00007fff5f45eaf8:   00000000000f42e9 00007fa6d9f108a0
0x00007fff5f45eb08:   0000000000000000 00007fff91305b08
0x00007fff5f45eb18:   0000000000000000 00007fff5f45ec10
0x00007fff5f45eb28:   00007fff8e662dc9 00000001796b18e8
0x00007fff5f45eb38:   00007fff9298d1ab 0000000000000000
0x00007fff5f45eb48:   00007fff796b18c8 00007fff796b18c8
0x00007fff5f45eb58:   0000000000000019 00007fa6db804088
0x00007fff5f45eb68:   00000001007b9a00 0000000000000000
0x00007fff5f45eb78:   00000000003d7f01 00007fa6d9c5e330
0x00007fff5f45eb88:   00007fa6d9d1a6b0 0000000000000000
0x00007fff5f45eb98:   0000000000000001 00007fff5f45ebe0
0x00007fff5f45eba8:   00007fff88c05616 00000001007b9a00
0x00007fff5f45ebb8:   0000000000000004 00000001007b6000
0x00007fff5f45ebc8:   00007fa6d9f84c64 0000000000000003
0x00007fff5f45ebd8:   00000001007ba400 00007fff5f45ecd0
0x00007fff5f45ebe8:   00007fff88c0437a 00007fff796b18e0
0x00007fff5f45ebf8:   00007fff9298d1ab 000000000000004e
0x00007fff5f45ec08:   0000000000000000 00000000000f42de
0x00007fff5f45ec18:   0000000000000050 0000000000000000
0x00007fff5f45ec28:   00000000000f42e9 000000000007e2dc
0x00007fff5f45ec38:   0000000000000a00 0000000000000100 

Instructions: (pc=0x00007fff9446e0dd)
0x00007fff9446e0bd:   00 00 00 48 85 ff 2e 74 7a 40 f6 c7 01 2e 75 7e
0x00007fff9446e0cd:   49 bb f8 ff ff ff ff 7f 00 00 4c 23 1f 49 89 f2
0x00007fff9446e0dd:   45 23 53 18 49 c1 e2 04 4d 03 53 10 49 3b 32 75
0x00007fff9446e0ed:   04 41 ff 62 08 49 83 3a 00 74 6a 4d 3b 53 10 74 

Register to memory mapping:

RAX=0x00007fa6d9c08110 is an unknown value
RBX=0x00007fff5f45ec28 is pointing into the stack for thread: 0x00007fa6db003000
RCX=0x0000000000000000 is an unknown value
RDX=0x00007fa6d9f1b900 is an unknown value
RSP=0x00007fff5f45ea48 is pointing into the stack for thread: 0x00007fa6db003000
RBP=0x00007fff5f45ea50 is pointing into the stack for thread: 0x00007fa6db003000
RSI=0x00007fff901d22f3: -[NSTitlebarContainerView shouldRoundCorners]+0x5bb85 in /System/Library/Frameworks/AppKit.framework/Versions/C/AppKit at 0x00007fff8f81f000
RDI=0x00007fa6d9c08110 is an unknown value
R8 =0x00007fa6d9f108b0 is an unknown value
R9 =0x00007fff5f45ea30 is pointing into the stack for thread: 0x00007fa6db003000
R10=0x00007fff901d22f3: -[NSTitlebarContainerView shouldRoundCorners]+0x5bb85 in /System/Library/Frameworks/AppKit.framework/Versions/C/AppKit at 0x00007fff8f81f000
R11=0x000007fa6d9c5cd0 is an unknown value
R12=0x00007fa6d9f108b0 is an unknown value
R13=0x00000000000f42e9 is an unknown value
R14=0x00007fa6d9d1a6b0 is an unknown value
R15=0x00007fff5f45eb88 is pointing into the stack for thread: 0x00007fa6db003000


Stack: [0x00007fff5ec64000,0x00007fff5f464000],  sp=0x00007fff5f45ea48,  free space=8170k
Native frames: (J=compiled Java code, j=interpreted, Vv=VM code, C=native code)
C  [libobjc.A.dylib+0x10dd]  objc_msgSend+0x1d
C  [CoreFoundation+0x10a94]  _CFXNotificationPost+0xc44
C  [Foundation+0x2c31]  -[NSNotificationCenter postNotificationName:object:userInfo:]+0x42
C  [AppKit+0xdd834]  -[NSSurface _disposeSurface]+0x98
C  [AppKit+0xdd31d]  -[NSSurface setWindow:]+0x42
C  [AppKit+0x3bfd1]  -[NSView _setWindow:]+0x98f
C  [AppKit+0x3d1f6]  -[NSView removeFromSuperview]+0x1c5
C  [AppKit+0x910de]  -[NSView removeFromSuperviewWithoutNeedingDisplay]+0x26
C  [liblwjgl.dylib+0x9e9e]  +[MacOSXKeyableWindow destroyWindow]+0xde
C  [Foundation+0x65a6c]  __NSThreadPerformPerform+0x125
C  [CoreFoundation+0x80ee1]  __CFRUNLOOP_IS_CALLING_OUT_TO_A_SOURCE0_PERFORM_FUNCTION__+0x11
C  [CoreFoundation+0x7308d]  __CFRunLoopDoSources0+0x10d
C  [CoreFoundation+0x726db]  __CFRunLoopRun+0x39b
C  [CoreFoundation+0x720f8]  CFRunLoopRunSpecific+0x128
C  [HIToolbox+0x2f1af]  RunCurrentEventLoopInMode+0xeb
C  [HIToolbox+0x2ee2e]  ReceiveNextEventCommon+0xb3
C  [HIToolbox+0x2ed6b]  _BlockUntilNextEventMatchingListInModeWithFilter+0x47
C  [AppKit+0x24705]  _DPSNextEvent+0x3e8
C  [AppKit+0x23ed9]  -[NSApplication nextEventMatchingMask:untilDate:inMode:dequeue:]+0x8b
C  [libosxapp.dylib+0x242a]  -[NSApplicationAWT nextEventMatchingMask:untilDate:inMode:dequeue:]+0x7c
C  [AppKit+0x17da3]  -[NSApplication run]+0x252
C  [libosxapp.dylib+0x223e]  +[NSApplicationAWT runAWTLoopWithApp:]+0x9c
C  [libawt_lwawt.dylib+0x439cf]  -[AWTStarter starter:]+0x389
C  [Foundation+0x65a6c]  __NSThreadPerformPerform+0x125
C  [CoreFoundation+0x80ee1]  __CFRUNLOOP_IS_CALLING_OUT_TO_A_SOURCE0_PERFORM_FUNCTION__+0x11
C  [CoreFoundation+0x7308d]  __CFRunLoopDoSources0+0x10d
C  [CoreFoundation+0x726db]  __CFRunLoopRun+0x39b
C  [CoreFoundation+0x720f8]  CFRunLoopRunSpecific+0x128
C  [java+0x56cb]  CreateExecutionEnvironment+0x367
C  [java+0x166c]  JLI_Launch+0x7a0
C  [java+0x7689]  main+0x65
C  [java+0xec4]  start+0x34


---------------  P R O C E S S  ---------------

Java Threads: ( => current thread )
  0x00007fa6dab96000 JavaThread "AWT-Shutdown" [_thread_blocked, id=37935, stack(0x000000011a5dd000,0x000000011a6dd000)]
  0x00007fa6db115800 JavaThread "pool-1-thread-1" [_thread_blocked, id=50711, stack(0x000000011ee9e000,0x000000011ef9e000)]
  0x00007fa6db92b800 JavaThread "Client" daemon [_thread_in_native, id=50487, stack(0x000000011ed9b000,0x000000011ee9b000)]
=>0x00007fa6db003000 JavaThread "AppKit Thread" daemon [_thread_in_native, id=2319, stack(0x00007fff5ec64000,0x00007fff5f464000)]
  0x00007fa6da814800 JavaThread "Monitor Ctrl-Break" daemon [_thread_in_native, id=19203, stack(0x000000011a13e000,0x000000011a23e000)]
  0x00007fa6da049000 JavaThread "Service Thread" daemon [_thread_blocked, id=18179, stack(0x0000000119d93000,0x0000000119e93000)]
  0x00007fa6da040800 JavaThread "C1 CompilerThread2" daemon [_thread_blocked, id=17667, stack(0x0000000119c90000,0x0000000119d90000)]
  0x00007fa6da03f800 JavaThread "C2 CompilerThread1" daemon [_thread_blocked, id=17155, stack(0x0000000119b8d000,0x0000000119c8d000)]
  0x00007fa6da02f800 JavaThread "C2 CompilerThread0" daemon [_thread_blocked, id=16643, stack(0x0000000119a8a000,0x0000000119b8a000)]
  0x00007fa6da813800 JavaThread "Signal Dispatcher" daemon [_thread_blocked, id=16139, stack(0x0000000119987000,0x0000000119a87000)]
  0x00007fa6da03d800 JavaThread "Finalizer" daemon [_thread_blocked, id=11523, stack(0x000000011804d000,0x000000011814d000)]
  0x00007fa6da00b800 JavaThread "Reference Handler" daemon [_thread_blocked, id=11011, stack(0x0000000117f4a000,0x000000011804a000)]
  0x00007fa6da801000 JavaThread "main" [_thread_in_native, id=5379, stack(0x0000000102001000,0x0000000102101000)]

Other Threads:
  0x00007fa6db813800 VMThread [stack: 0x0000000117e47000,0x0000000117f47000] [id=10499]
  0x00007fa6da803000 WatcherThread [stack: 0x0000000119e96000,0x0000000119f96000] [id=18691]

VM state:not at safepoint (normal execution)

VM Mutex/Monitor currently owned by a thread: None

Heap:
 PSYoungGen      total 23552K, used 7963K [0x0000000795580000, 0x0000000798e00000, 0x00000007c0000000)
  eden space 23040K, 34% used [0x0000000795580000,0x0000000795d2eea8,0x0000000796c00000)
  from space 512K, 18% used [0x0000000798d80000,0x0000000798d98000,0x0000000798e00000)
  to   space 512K, 0% used [0x0000000798d00000,0x0000000798d00000,0x0000000798d80000)
 ParOldGen       total 129536K, used 3887K [0x0000000740000000, 0x0000000747e80000, 0x0000000795580000)
  object space 129536K, 3% used [0x0000000740000000,0x00000007403cbc48,0x0000000747e80000)
 Metaspace       used 8773K, capacity 8921K, committed 9216K, reserved 1056768K
  class space    used 900K, capacity 949K, committed 1024K, reserved 1048576K

Card table byte_map: [0x00000001114c3000,0x00000001118c4000] byte_map_base: 0x000000010dac3000

Marking Bits: (ParMarkBitMap*) 0x00000001011000a0
 Begin Bits: [0x0000000111f7b000, 0x0000000113f7b000)
 End Bits:   [0x0000000113f7b000, 0x0000000115f7b000)

Polling page: 0x00000001017b3000

CodeCache: size=245760Kb used=4664Kb max_used=4675Kb free=241095Kb
 bounds [0x0000000102103000, 0x00000001025a3000, 0x0000000111103000]
 total_blobs=1643 nmethods=1224 adapters=335
 compilation: enabled

Compilation events (10 events):
Event: 38.956 Thread 0x00007fa6da040800 1232   !   3       sun.awt.AWTAutoShutdown::setToolkitBusy (124 bytes)
Event: 38.957 Thread 0x00007fa6da040800 nmethod 1232 0x0000000102592b90 code [0x0000000102592d60, 0x0000000102593608]
Event: 41.365 Thread 0x00007fa6da03f800 1233       4       java.util.Arrays::copyOf (13 bytes)
Event: 41.368 Thread 0x00007fa6da03f800 nmethod 1233 0x00000001025927d0 code [0x0000000102592920, 0x0000000102592ab8]
Event: 41.991 Thread 0x00007fa6da040800 1234       3       java.util.HashMap$KeyIterator::next (8 bytes)
Event: 41.991 Thread 0x00007fa6da040800 nmethod 1234 0x000000010258fc90 code [0x000000010258fe00, 0x0000000102590008]
Event: 46.136 Thread 0x00007fa6da02f800 1235       4       java.nio.HeapByteBuffer::compact (52 bytes)
Event: 46.139 Thread 0x00007fa6da02f800 nmethod 1235 0x0000000102597750 code [0x00000001025978a0, 0x0000000102597a38]
Event: 47.194 Thread 0x00007fa6da03f800 1236       4       java.nio.DirectByteBuffer::put (18 bytes)
Event: 47.195 Thread 0x00007fa6da03f800 nmethod 1236 0x0000000102592490 code [0x00000001025925c0, 0x0000000102592658]

GC Heap History (10 events):
Event: 42.128 GC heap before
{Heap before GC invocations=96 (full 0):
 PSYoungGen      total 28672K, used 28256K [0x0000000795580000, 0x0000000798e00000, 0x00000007c0000000)
  eden space 28160K, 100% used [0x0000000795580000,0x0000000797100000,0x0000000797100000)
  from space 512K, 18% used [0x0000000798d00000,0x0000000798d18000,0x0000000798d80000)
  to   space 512K, 0% used [0x0000000798d80000,0x0000000798d80000,0x0000000798e00000)
 ParOldGen       total 129536K, used 3839K [0x0000000740000000, 0x0000000747e80000, 0x0000000795580000)
  object space 129536K, 2% used [0x0000000740000000,0x00000007403bfc48,0x0000000747e80000)
 Metaspace       used 8767K, capacity 8921K, committed 9216K, reserved 1056768K
  class space    used 900K, capacity 949K, committed 1024K, reserved 1048576K
Event: 42.129 GC heap after
Heap after GC invocations=96 (full 0):
 PSYoungGen      total 27648K, used 160K [0x0000000795580000, 0x0000000798e00000, 0x00000007c0000000)
  eden space 27136K, 0% used [0x0000000795580000,0x0000000795580000,0x0000000797000000)
  from space 512K, 31% used [0x0000000798d80000,0x0000000798da8000,0x0000000798e00000)
  to   space 512K, 0% used [0x0000000798d00000,0x0000000798d00000,0x0000000798d80000)
 ParOldGen       total 129536K, used 3839K [0x0000000740000000, 0x0000000747e80000, 0x0000000795580000)
  object space 129536K, 2% used [0x0000000740000000,0x00000007403bfc48,0x0000000747e80000)
 Metaspace       used 8767K, capacity 8921K, committed 9216K, reserved 1056768K
  class space    used 900K, capacity 949K, committed 1024K, reserved 1048576K
}
Event: 43.388 GC heap before
{Heap before GC invocations=97 (full 0):
 PSYoungGen      total 27648K, used 27296K [0x0000000795580000, 0x0000000798e00000, 0x00000007c0000000)
  eden space 27136K, 100% used [0x0000000795580000,0x0000000797000000,0x0000000797000000)
  from space 512K, 31% used [0x0000000798d80000,0x0000000798da8000,0x0000000798e00000)
  to   space 512K, 0% used [0x0000000798d00000,0x0000000798d00000,0x0000000798d80000)
 ParOldGen       total 129536K, used 3839K [0x0000000740000000, 0x0000000747e80000, 0x0000000795580000)
  object space 129536K, 2% used [0x0000000740000000,0x00000007403bfc48,0x0000000747e80000)
 Metaspace       used 8767K, capacity 8921K, committed 9216K, reserved 1056768K
  class space    used 900K, capacity 949K, committed 1024K, reserved 1048576K
Event: 43.390 GC heap after
Heap after GC invocations=97 (full 0):
 PSYoungGen      total 26624K, used 64K [0x0000000795580000, 0x0000000798e00000, 0x00000007c0000000)
  eden space 26112K, 0% used [0x0000000795580000,0x0000000795580000,0x0000000796f00000)
  from space 512K, 12% used [0x0000000798d00000,0x0000000798d10000,0x0000000798d80000)
  to   space 512K, 0% used [0x0000000798d80000,0x0000000798d80000,0x0000000798e00000)
 ParOldGen       total 129536K, used 3863K [0x0000000740000000, 0x0000000747e80000, 0x0000000795580000)
  object space 129536K, 2% used [0x0000000740000000,0x00000007403c5c48,0x0000000747e80000)
 Metaspace       used 8767K, capacity 8921K, committed 9216K, reserved 1056768K
  class space    used 900K, capacity 949K, committed 1024K, reserved 1048576K
}
Event: 44.559 GC heap before
{Heap before GC invocations=98 (full 0):
 PSYoungGen      total 26624K, used 26176K [0x0000000795580000, 0x0000000798e00000, 0x00000007c0000000)
  eden space 26112K, 100% used [0x0000000795580000,0x0000000796f00000,0x0000000796f00000)
  from space 512K, 12% used [0x0000000798d00000,0x0000000798d10000,0x0000000798d80000)
  to   space 512K, 0% used [0x0000000798d80000,0x0000000798d80000,0x0000000798e00000)
 ParOldGen       total 129536K, used 3863K [0x0000000740000000, 0x0000000747e80000, 0x0000000795580000)
  object space 129536K, 2% used [0x0000000740000000,0x00000007403c5c48,0x0000000747e80000)
 Metaspace       used 8767K, capacity 8921K, committed 9216K, reserved 1056768K
  class space    used 900K, capacity 949K, committed 1024K, reserved 1048576K
Event: 44.560 GC heap after
Heap after GC invocations=98 (full 0):
 PSYoungGen      total 25600K, used 96K [0x0000000795580000, 0x0000000798e00000, 0x00000007c0000000)
  eden space 25088K, 0% used [0x0000000795580000,0x0000000795580000,0x0000000796e00000)
  from space 512K, 18% used [0x0000000798d80000,0x0000000798d98000,0x0000000798e00000)
  to   space 512K, 0% used [0x0000000798d00000,0x0000000798d00000,0x0000000798d80000)
 ParOldGen       total 129536K, used 3863K [0x0000000740000000, 0x0000000747e80000, 0x0000000795580000)
  object space 129536K, 2% used [0x0000000740000000,0x00000007403c5c48,0x0000000747e80000)
 Metaspace       used 8767K, capacity 8921K, committed 9216K, reserved 1056768K
  class space    used 900K, capacity 949K, committed 1024K, reserved 1048576K
}
Event: 45.724 GC heap before
{Heap before GC invocations=99 (full 0):
 PSYoungGen      total 25600K, used 25184K [0x0000000795580000, 0x0000000798e00000, 0x00000007c0000000)
  eden space 25088K, 100% used [0x0000000795580000,0x0000000796e00000,0x0000000796e00000)
  from space 512K, 18% used [0x0000000798d80000,0x0000000798d98000,0x0000000798e00000)
  to   space 512K, 0% used [0x0000000798d00000,0x0000000798d00000,0x0000000798d80000)
 ParOldGen       total 129536K, used 3863K [0x0000000740000000, 0x0000000747e80000, 0x0000000795580000)
  object space 129536K, 2% used [0x0000000740000000,0x00000007403c5c48,0x0000000747e80000)
 Metaspace       used 8767K, capacity 8921K, committed 9216K, reserved 1056768K
  class space    used 900K, capacity 949K, committed 1024K, reserved 1048576K
Event: 45.725 GC heap after
Heap after GC invocations=99 (full 0):
 PSYoungGen      total 24576K, used 64K [0x0000000795580000, 0x0000000798e00000, 0x00000007c0000000)
  eden space 24064K, 0% used [0x0000000795580000,0x0000000795580000,0x0000000796d00000)
  from space 512K, 12% used [0x0000000798d00000,0x0000000798d10000,0x0000000798d80000)
  to   space 512K, 0% used [0x0000000798d80000,0x0000000798d80000,0x0000000798e00000)
 ParOldGen       total 129536K, used 3863K [0x0000000740000000, 0x0000000747e80000, 0x0000000795580000)
  object space 129536K, 2% used [0x0000000740000000,0x00000007403c5c48,0x0000000747e80000)
 Metaspace       used 8767K, capacity 8921K, committed 9216K, reserved 1056768K
  class space    used 900K, capacity 949K, committed 1024K, reserved 1048576K
}
Event: 46.826 GC heap before
{Heap before GC invocations=100 (full 0):
 PSYoungGen      total 24576K, used 24128K [0x0000000795580000, 0x0000000798e00000, 0x00000007c0000000)
  eden space 24064K, 100% used [0x0000000795580000,0x0000000796d00000,0x0000000796d00000)
  from space 512K, 12% used [0x0000000798d00000,0x0000000798d10000,0x0000000798d80000)
  to   space 512K, 0% used [0x0000000798d80000,0x0000000798d80000,0x0000000798e00000)
 ParOldGen       total 129536K, used 3863K [0x0000000740000000, 0x0000000747e80000, 0x0000000795580000)
  object space 129536K, 2% used [0x0000000740000000,0x00000007403c5c48,0x0000000747e80000)
 Metaspace       used 8767K, capacity 8921K, committed 9216K, reserved 1056768K
  class space    used 900K, capacity 949K, committed 1024K, reserved 1048576K
Event: 46.827 GC heap after
Heap after GC invocations=100 (full 0):
 PSYoungGen      total 23552K, used 96K [0x0000000795580000, 0x0000000798e00000, 0x00000007c0000000)
  eden space 23040K, 0% used [0x0000000795580000,0x0000000795580000,0x0000000796c00000)
  from space 512K, 18% used [0x0000000798d80000,0x0000000798d98000,0x0000000798e00000)
  to   space 512K, 0% used [0x0000000798d00000,0x0000000798d00000,0x0000000798d80000)
 ParOldGen       total 129536K, used 3887K [0x0000000740000000, 0x0000000747e80000, 0x0000000795580000)
  object space 129536K, 3% used [0x0000000740000000,0x00000007403cbc48,0x0000000747e80000)
 Metaspace       used 8767K, capacity 8921K, committed 9216K, reserved 1056768K
  class space    used 900K, capacity 949K, committed 1024K, reserved 1048576K
}

Deoptimization events (10 events):
Event: 17.857 Thread 0x00007fa6db92b800 Uncommon trap: reason=unreached action=reinterpret pc=0x00000001024ffbc8 method=java.util.HashMap$HashIterator.nextNode()Ljava/util/HashMap$Node; @ 95
Event: 17.871 Thread 0x00007fa6db115800 Uncommon trap: reason=class_check action=maybe_recompile pc=0x00000001024ae838 method=me.reckter.network.ClientEngine$1.received(Lcom/esotericsoftware/kryonet/Connection;Ljava/lang/Object;)V @ 6
Event: 26.042 Thread 0x00007fa6db92b800 Uncommon trap: reason=class_check action=maybe_recompile pc=0x0000000102460f9c method=sun.nio.ch.KQueueSelectorImpl.updateSelectedKeys(I)I @ 174
Event: 26.320 Thread 0x00007fa6db115800 Uncommon trap: reason=class_check action=maybe_recompile pc=0x00000001024ae838 method=me.reckter.network.ClientEngine$1.received(Lcom/esotericsoftware/kryonet/Connection;Ljava/lang/Object;)V @ 6
Event: 34.048 Thread 0x00007fa6db92b800 Uncommon trap: reason=class_check action=maybe_recompile pc=0x0000000102460f9c method=sun.nio.ch.KQueueSelectorImpl.updateSelectedKeys(I)I @ 174
Event: 34.049 Thread 0x00007fa6db115800 Uncommon trap: reason=class_check action=maybe_recompile pc=0x00000001024ae838 method=me.reckter.network.ClientEngine$1.received(Lcom/esotericsoftware/kryonet/Connection;Ljava/lang/Object;)V @ 6
Event: 41.356 Thread 0x00007fa6db92b800 Uncommon trap: reason=class_check action=maybe_recompile pc=0x00000001024562b0 method=sun.nio.ch.KQueueSelectorImpl.updateSelectedKeys(I)I @ 174
Event: 41.359 Thread 0x00007fa6db92b800 Uncommon trap: reason=unreached action=reinterpret pc=0x000000010244ccf8 method=java.util.HashMap$HashIterator.nextNode()Ljava/util/HashMap$Node; @ 95
Event: 41.360 Thread 0x00007fa6db92b800 Uncommon trap: reason=unreached action=reinterpret pc=0x000000010243f0c4 method=java.util.HashMap.removeNode(ILjava/lang/Object;Ljava/lang/Object;ZZ)Ljava/util/HashMap$Node; @ 34
Event: 41.365 Thread 0x00007fa6db115800 Uncommon trap: reason=bimorphic action=maybe_recompile pc=0x0000000102594b18 method=java.util.concurrent.ThreadPoolExecutor.runWorker(Ljava/util/concurrent/ThreadPoolExecutor$Worker;)V @ 95

Internal exceptions (10 events):
Event: 1.608 Thread 0x00007fa6da801000 Exception <a 'java/security/PrivilegedActionException'> (0x00000007955b7a78) thrown at [/HUDSON/workspace/8-2-build-macosx-x86_64/jdk8u5/2488/hotspot/src/share/vm/prims/jvm.cpp, line 1248]
Event: 1.618 Thread 0x00007fa6da801000 Exception <a 'java/security/PrivilegedActionException'> (0x00000007955bf370) thrown at [/HUDSON/workspace/8-2-build-macosx-x86_64/jdk8u5/2488/hotspot/src/share/vm/prims/jvm.cpp, line 1248]
Event: 1.619 Thread 0x00007fa6da801000 Exception <a 'java/security/PrivilegedActionException'> (0x00000007955f8348) thrown at [/HUDSON/workspace/8-2-build-macosx-x86_64/jdk8u5/2488/hotspot/src/share/vm/prims/jvm.cpp, line 1248]
Event: 4.128 Thread 0x00007fa6db866800 Implicit null exception at 0x000000010244dec9 to 0x000000010244e1a9
Event: 9.539 Thread 0x00007fa6db92b800 Implicit null exception at 0x00000001024eb811 to 0x00000001024ec6d5
Event: 9.539 Thread 0x00007fa6db92b800 Exception <a 'java/security/PrivilegedActionException'> (0x00000007965ab1b0) thrown at [/HUDSON/workspace/8-2-build-macosx-x86_64/jdk8u5/2488/hotspot/src/share/vm/prims/jvm.cpp, line 1248]
Event: 9.540 Thread 0x00007fa6db92b800 Exception <a 'java/security/PrivilegedActionException'> (0x00000007965b19a0) thrown at [/HUDSON/workspace/8-2-build-macosx-x86_64/jdk8u5/2488/hotspot/src/share/vm/prims/jvm.cpp, line 1248]
Event: 41.359 Thread 0x00007fa6db92b800 Exception <a 'java/security/PrivilegedActionException'> (0x000000079608a400) thrown at [/HUDSON/workspace/8-2-build-macosx-x86_64/jdk8u5/2488/hotspot/src/share/vm/prims/jvm.cpp, line 1248]
Event: 41.360 Thread 0x00007fa6db92b800 Implicit null exception at 0x000000010243ec7d to 0x000000010243f06d
Event: 47.193 Thread 0x00007fa6da801000 Exception <a 'java/security/PrivilegedActionException'> (0x0000000795ced340) thrown at [/HUDSON/workspace/8-2-build-macosx-x86_64/jdk8u5/2488/hotspot/src/share/vm/prims/jvm.cpp, line 1248]

Events (10 events):
Event: 45.724 Executing VM operation: ParallelGCFailedAllocation
Event: 45.725 Executing VM operation: ParallelGCFailedAllocation done
Event: 46.826 Executing VM operation: ParallelGCFailedAllocation
Event: 46.827 Executing VM operation: ParallelGCFailedAllocation done
Event: 47.154 Executing VM operation: RevokeBias
Event: 47.154 Executing VM operation: RevokeBias done
Event: 47.154 Thread 0x00007fa6da04e000 Thread exited: 0x00007fa6da04e000
Event: 47.157 Thread 0x00007fa6dab96000 Thread added: 0x00007fa6dab96000
Event: 47.192 loading class org/lwjgl/opengl/CallbackUtil
Event: 47.192 loading class org/lwjgl/opengl/CallbackUtil done


Dynamic libraries:
0x00000000077e3000 	/System/Library/Frameworks/Cocoa.framework/Versions/A/Cocoa
0x00000000077e3000 	/System/Library/Frameworks/Security.framework/Versions/A/Security
0x00000000077e3000 	/System/Library/Frameworks/ApplicationServices.framework/Versions/A/ApplicationServices
0x00000000077e3000 	/usr/lib/libz.1.dylib
0x00000000077e3000 	/usr/lib/libSystem.B.dylib
0x00000000077e3000 	/usr/lib/libobjc.A.dylib
0x00000000077e3000 	/System/Library/Frameworks/CoreFoundation.framework/Versions/A/CoreFoundation
0x00000000077e3000 	/System/Library/Frameworks/Foundation.framework/Versions/C/Foundation
0x00000000077e3000 	/System/Library/Frameworks/AppKit.framework/Versions/C/AppKit
0x00000000077e3000 	/System/Library/Frameworks/CoreData.framework/Versions/A/CoreData
0x00000000077e3000 	/System/Library/PrivateFrameworks/RemoteViewServices.framework/Versions/A/RemoteViewServices
0x00000000077e3000 	/System/Library/PrivateFrameworks/UIFoundation.framework/Versions/A/UIFoundation
0x00000000077e3000 	/System/Library/Frameworks/AudioToolbox.framework/Versions/A/AudioToolbox
0x00000000077e3000 	/System/Library/Frameworks/AudioUnit.framework/Versions/A/AudioUnit
0x00000000077e3000 	/System/Library/PrivateFrameworks/DataDetectorsCore.framework/Versions/A/DataDetectorsCore
0x00000000077e3000 	/System/Library/PrivateFrameworks/DesktopServicesPriv.framework/Versions/A/DesktopServicesPriv
0x00000000077e3000 	/System/Library/Frameworks/Carbon.framework/Versions/A/Frameworks/HIToolbox.framework/Versions/A/HIToolbox
0x00000000077e3000 	/System/Library/Frameworks/QuartzCore.framework/Versions/A/QuartzCore
0x00000000077e3000 	/System/Library/Frameworks/Carbon.framework/Versions/A/Frameworks/SpeechRecognition.framework/Versions/A/SpeechRecognition
0x00000000077e3000 	/usr/lib/libauto.dylib
0x00000000077e3000 	/usr/lib/libicucore.A.dylib
0x00000000077e3000 	/usr/lib/libxml2.2.dylib
0x00000000077e3000 	/System/Library/PrivateFrameworks/CoreUI.framework/Versions/A/CoreUI
0x00000000077e3000 	/System/Library/Frameworks/CoreAudio.framework/Versions/A/CoreAudio
0x00000000077e3000 	/System/Library/Frameworks/DiskArbitration.framework/Versions/A/DiskArbitration
0x00000000077e3000 	/usr/lib/liblangid.dylib
0x00000000077e3000 	/System/Library/PrivateFrameworks/MultitouchSupport.framework/Versions/A/MultitouchSupport
0x00000000077e3000 	/System/Library/Frameworks/IOKit.framework/Versions/A/IOKit
0x00000000077e3000 	/usr/lib/libDiagnosticMessagesClient.dylib
0x00000000077e3000 	/System/Library/Frameworks/CoreServices.framework/Versions/A/CoreServices
0x00000000077e3000 	/System/Library/PrivateFrameworks/PerformanceAnalysis.framework/Versions/A/PerformanceAnalysis
0x00000000077e3000 	/System/Library/PrivateFrameworks/GenerationalStorage.framework/Versions/A/GenerationalStorage
0x00000000077e3000 	/System/Library/Frameworks/OpenGL.framework/Versions/A/OpenGL
0x00000000077e3000 	/System/Library/PrivateFrameworks/Sharing.framework/Versions/A/Sharing
0x00000000077e3000 	/System/Library/Frameworks/CoreGraphics.framework/Versions/A/CoreGraphics
0x00000000077e3000 	/System/Library/Frameworks/CoreText.framework/Versions/A/CoreText
0x00000000077e3000 	/System/Library/Frameworks/ImageIO.framework/Versions/A/ImageIO
0x00000000077e3000 	/usr/lib/libextension.dylib
0x00000000077e3000 	/System/Library/PrivateFrameworks/Backup.framework/Versions/A/Backup
0x00000000077e3000 	/usr/lib/libarchive.2.dylib
0x00000000077e3000 	/System/Library/Frameworks/CFNetwork.framework/Versions/A/CFNetwork
0x00000000077e3000 	/System/Library/Frameworks/SystemConfiguration.framework/Versions/A/SystemConfiguration
0x00000000077e3000 	/usr/lib/libCRFSuite.dylib
0x00000000077e3000 	/usr/lib/libc++.1.dylib
0x00000000077e3000 	/usr/lib/libc++abi.dylib
0x00000000077e3000 	/usr/lib/system/libcache.dylib
0x00000000077e3000 	/usr/lib/system/libcommonCrypto.dylib
0x00000000077e3000 	/usr/lib/system/libcompiler_rt.dylib
0x00000000077e3000 	/usr/lib/system/libcopyfile.dylib
0x00000000077e3000 	/usr/lib/system/libcorecrypto.dylib
0x00000000077e3000 	/usr/lib/system/libdispatch.dylib
0x00000000077e3000 	/usr/lib/system/libdyld.dylib
0x00000000077e3000 	/usr/lib/system/libkeymgr.dylib
0x00000000077e3000 	/usr/lib/system/liblaunch.dylib
0x00000000077e3000 	/usr/lib/system/libmacho.dylib
0x00000000077e3000 	/usr/lib/system/libquarantine.dylib
0x00000000077e3000 	/usr/lib/system/libremovefile.dylib
0x00000000077e3000 	/usr/lib/system/libsystem_asl.dylib
0x00000000077e3000 	/usr/lib/system/libsystem_blocks.dylib
0x00000000077e3000 	/usr/lib/system/libsystem_c.dylib
0x00000000077e3000 	/usr/lib/system/libsystem_configuration.dylib
0x00000000077e3000 	/usr/lib/system/libsystem_coreservices.dylib
0x00000000077e3000 	/usr/lib/system/libsystem_coretls.dylib
0x00000000077e3000 	/usr/lib/system/libsystem_dnssd.dylib
0x00000000077e3000 	/usr/lib/system/libsystem_info.dylib
0x00000000077e3000 	/usr/lib/system/libsystem_kernel.dylib
0x00000000077e3000 	/usr/lib/system/libsystem_m.dylib
0x00000000077e3000 	/usr/lib/system/libsystem_malloc.dylib
0x00000000077e3000 	/usr/lib/system/libsystem_network.dylib
0x00000000077e3000 	/usr/lib/system/libsystem_networkextension.dylib
0x00000000077e3000 	/usr/lib/system/libsystem_notify.dylib
0x00000000077e3000 	/usr/lib/system/libsystem_platform.dylib
0x00000000077e3000 	/usr/lib/system/libsystem_pthread.dylib
0x00000000077e3000 	/usr/lib/system/libsystem_sandbox.dylib
0x00000000077e3000 	/usr/lib/system/libsystem_secinit.dylib
0x00000000077e3000 	/usr/lib/system/libsystem_stats.dylib
0x00000000077e3000 	/usr/lib/system/libsystem_trace.dylib
0x00000000077e3000 	/usr/lib/system/libunc.dylib
0x00000000077e3000 	/usr/lib/system/libunwind.dylib
0x00000000077e3000 	/usr/lib/system/libxpc.dylib
0x00000000077e3000 	/usr/lib/libbz2.1.0.dylib
0x00000000077e3000 	/usr/lib/liblzma.5.dylib
0x00000000077e3000 	/usr/lib/libbsm.0.dylib
0x00000000077e3000 	/usr/lib/libsqlite3.dylib
0x00000000077e3000 	/usr/lib/system/libkxld.dylib
0x00000000077e3000 	/usr/lib/libxar.1.dylib
0x00000000077e3000 	/usr/lib/libpam.2.dylib
0x00000000077e3000 	/usr/lib/libOpenScriptingUtil.dylib
0x00000000077e3000 	/System/Library/Frameworks/CoreServices.framework/Versions/A/Frameworks/FSEvents.framework/Versions/A/FSEvents
0x00000000077e3000 	/System/Library/Frameworks/CoreServices.framework/Versions/A/Frameworks/CarbonCore.framework/Versions/A/CarbonCore
0x00000000077e3000 	/System/Library/Frameworks/CoreServices.framework/Versions/A/Frameworks/Metadata.framework/Versions/A/Metadata
0x00000000077e3000 	/System/Library/Frameworks/CoreServices.framework/Versions/A/Frameworks/OSServices.framework/Versions/A/OSServices
0x00000000077e3000 	/System/Library/Frameworks/CoreServices.framework/Versions/A/Frameworks/SearchKit.framework/Versions/A/SearchKit
0x00000000077e3000 	/System/Library/Frameworks/CoreServices.framework/Versions/A/Frameworks/AE.framework/Versions/A/AE
0x00000000077e3000 	/System/Library/Frameworks/CoreServices.framework/Versions/A/Frameworks/LaunchServices.framework/Versions/A/LaunchServices
0x00000000077e3000 	/System/Library/Frameworks/CoreServices.framework/Versions/A/Frameworks/DictionaryServices.framework/Versions/A/DictionaryServices
0x00000000077e3000 	/System/Library/Frameworks/NetFS.framework/Versions/A/NetFS
0x00000000077e3000 	/System/Library/PrivateFrameworks/NetAuth.framework/Versions/A/NetAuth
0x00000000077e3000 	/System/Library/PrivateFrameworks/login.framework/Versions/A/Frameworks/loginsupport.framework/Versions/A/loginsupport
0x00000000077e3000 	/System/Library/PrivateFrameworks/TCC.framework/Versions/A/TCC
0x00000000077e3000 	/usr/lib/libmecabra.dylib
0x00000000077e3000 	/System/Library/PrivateFrameworks/LanguageModeling.framework/Versions/A/LanguageModeling
0x00000000077e3000 	/usr/lib/libcmph.dylib
0x00000000077e3000 	/usr/lib/libiconv.2.dylib
0x00000000077e3000 	/System/Library/Frameworks/OpenDirectory.framework/Versions/A/Frameworks/CFOpenDirectory.framework/Versions/A/CFOpenDirectory
0x00000000077e3000 	/System/Library/Frameworks/ServiceManagement.framework/Versions/A/ServiceManagement
0x00000000077e3000 	/usr/lib/libxslt.1.dylib
0x00000000077e3000 	/System/Library/Frameworks/Carbon.framework/Versions/A/Frameworks/Ink.framework/Versions/A/Ink
0x00000000077e3000 	/System/Library/Frameworks/ApplicationServices.framework/Versions/A/Frameworks/ATS.framework/Versions/A/ATS
0x00000000077e3000 	/System/Library/Frameworks/ApplicationServices.framework/Versions/A/Frameworks/ColorSync.framework/Versions/A/ColorSync
0x00000000077e3000 	/System/Library/Frameworks/ApplicationServices.framework/Versions/A/Frameworks/HIServices.framework/Versions/A/HIServices
0x00000000077e3000 	/System/Library/Frameworks/ApplicationServices.framework/Versions/A/Frameworks/LangAnalysis.framework/Versions/A/LangAnalysis
0x00000000077e3000 	/System/Library/Frameworks/ApplicationServices.framework/Versions/A/Frameworks/PrintCore.framework/Versions/A/PrintCore
0x00000000077e3000 	/System/Library/Frameworks/ApplicationServices.framework/Versions/A/Frameworks/QD.framework/Versions/A/QD
0x00000000077e3000 	/System/Library/Frameworks/ApplicationServices.framework/Versions/A/Frameworks/SpeechSynthesis.framework/Versions/A/SpeechSynthesis
0x00000000077e3000 	/System/Library/Frameworks/IOSurface.framework/Versions/A/IOSurface
0x00000000077e3000 	/System/Library/Frameworks/Accelerate.framework/Versions/A/Accelerate
0x00000000077e3000 	/System/Library/Frameworks/Accelerate.framework/Versions/A/Frameworks/vImage.framework/Versions/A/vImage
0x00000000077e3000 	/System/Library/Frameworks/Accelerate.framework/Versions/A/Frameworks/vecLib.framework/Versions/A/vecLib
0x00000000077e3000 	/System/Library/Frameworks/Accelerate.framework/Versions/A/Frameworks/vecLib.framework/Versions/A/libvDSP.dylib
0x00000000077e3000 	/System/Library/Frameworks/Accelerate.framework/Versions/A/Frameworks/vecLib.framework/Versions/A/libvMisc.dylib
0x00000000077e3000 	/System/Library/Frameworks/Accelerate.framework/Versions/A/Frameworks/vecLib.framework/Versions/A/libLAPACK.dylib
0x00000000077e3000 	/System/Library/Frameworks/Accelerate.framework/Versions/A/Frameworks/vecLib.framework/Versions/A/libBLAS.dylib
0x00000000077e3000 	/System/Library/Frameworks/Accelerate.framework/Versions/A/Frameworks/vecLib.framework/Versions/A/libLinearAlgebra.dylib
0x00000000077e3000 	/System/Library/Frameworks/ApplicationServices.framework/Versions/A/Frameworks/ATS.framework/Versions/A/Resources/libFontParser.dylib
0x00000000077e3000 	/System/Library/Frameworks/ApplicationServices.framework/Versions/A/Frameworks/ATS.framework/Versions/A/Resources/libFontRegistry.dylib
0x00000000077e3000 	/System/Library/PrivateFrameworks/AppleVPA.framework/Versions/A/AppleVPA
0x00000000077e3000 	/System/Library/PrivateFrameworks/AppleJPEG.framework/Versions/A/AppleJPEG
0x00000000077e3000 	/System/Library/Frameworks/ImageIO.framework/Versions/A/Resources/libJPEG.dylib
0x00000000077e3000 	/System/Library/Frameworks/ImageIO.framework/Versions/A/Resources/libTIFF.dylib
0x00000000077e3000 	/System/Library/Frameworks/ImageIO.framework/Versions/A/Resources/libPng.dylib
0x00000000077e3000 	/System/Library/Frameworks/ImageIO.framework/Versions/A/Resources/libGIF.dylib
0x00000000077e3000 	/System/Library/Frameworks/ImageIO.framework/Versions/A/Resources/libJP2.dylib
0x00000000077e3000 	/System/Library/Frameworks/ImageIO.framework/Versions/A/Resources/libRadiance.dylib
0x00000000077e3000 	/System/Library/Frameworks/CoreVideo.framework/Versions/A/CoreVideo
0x00000000077e3000 	/System/Library/Frameworks/OpenGL.framework/Versions/A/Libraries/libGLU.dylib
0x00000000077e3000 	/System/Library/Frameworks/OpenGL.framework/Versions/A/Libraries/libGFXShared.dylib
0x00000000077e3000 	/System/Library/Frameworks/OpenGL.framework/Versions/A/Libraries/libGL.dylib
0x00000000077e3000 	/System/Library/Frameworks/OpenGL.framework/Versions/A/Libraries/libGLImage.dylib
0x00000000077e3000 	/System/Library/Frameworks/OpenGL.framework/Versions/A/Libraries/libCVMSPluginSupport.dylib
0x00000000077e3000 	/System/Library/Frameworks/OpenGL.framework/Versions/A/Libraries/libCoreVMClient.dylib
0x00000000077e3000 	/usr/lib/libcups.2.dylib
0x00000000077e3000 	/System/Library/Frameworks/Kerberos.framework/Versions/A/Kerberos
0x00000000077e3000 	/System/Library/Frameworks/GSS.framework/Versions/A/GSS
0x00000000077e3000 	/usr/lib/libresolv.9.dylib
0x00000000077e3000 	/System/Library/PrivateFrameworks/Heimdal.framework/Versions/A/Heimdal
0x00000000077e3000 	/usr/lib/libheimdal-asn1.dylib
0x00000000077e3000 	/System/Library/Frameworks/OpenDirectory.framework/Versions/A/OpenDirectory
0x00000000077e3000 	/System/Library/PrivateFrameworks/CommonAuth.framework/Versions/A/CommonAuth
0x00000000077e3000 	/System/Library/Frameworks/SecurityFoundation.framework/Versions/A/SecurityFoundation
0x00000000077e3000 	/System/Library/Frameworks/QuartzCore.framework/Versions/A/Frameworks/CoreImage.framework/Versions/A/CoreImage
0x00000000077e3000 	/System/Library/PrivateFrameworks/CrashReporterSupport.framework/Versions/A/CrashReporterSupport
0x00000000077e3000 	/System/Library/Frameworks/OpenCL.framework/Versions/A/OpenCL
0x00000000077e3000 	/System/Library/PrivateFrameworks/FaceCore.framework/Versions/A/FaceCore
0x00000000077e3000 	/System/Library/PrivateFrameworks/Ubiquity.framework/Versions/A/Ubiquity
0x00000000077e3000 	/System/Library/PrivateFrameworks/IconServices.framework/Versions/A/IconServices
0x00000000077e3000 	/System/Library/PrivateFrameworks/ChunkingLibrary.framework/Versions/A/ChunkingLibrary
0x00000000077e3000 	/System/Library/PrivateFrameworks/Apple80211.framework/Versions/A/Apple80211
0x00000000077e3000 	/System/Library/Frameworks/CoreWLAN.framework/Versions/A/CoreWLAN
0x00000000077e3000 	/System/Library/Frameworks/IOBluetooth.framework/Versions/A/IOBluetooth
0x00000000077e3000 	/System/Library/Frameworks/CoreWiFi.framework/Versions/A/CoreWiFi
0x00000000077e3000 	/System/Library/Frameworks/CoreBluetooth.framework/Versions/A/CoreBluetooth
0x00000000077e3000 	/System/Library/PrivateFrameworks/DebugSymbols.framework/Versions/A/DebugSymbols
0x00000000077e3000 	/System/Library/PrivateFrameworks/CoreSymbolication.framework/Versions/A/CoreSymbolication
0x00000000077e3000 	/System/Library/PrivateFrameworks/Symbolication.framework/Versions/A/Symbolication
0x00000000077e3000 	/System/Library/PrivateFrameworks/SpeechRecognitionCore.framework/Versions/A/SpeechRecognitionCore
0x000000010089a000 	/Library/Java/JavaVirtualMachines/jdk1.8.0_05.jdk/Contents/Home/jre/lib/server/libjvm.dylib
0x00000000077e3000 	/usr/lib/libstdc++.6.dylib
0x0000000101771000 	/Library/Java/JavaVirtualMachines/jdk1.8.0_05.jdk/Contents/Home/jre/lib/libverify.dylib
0x000000010177f000 	/Library/Java/JavaVirtualMachines/jdk1.8.0_05.jdk/Contents/Home/jre/lib/libjava.dylib
0x00000001017bd000 	/Library/Java/JavaVirtualMachines/jdk1.8.0_05.jdk/Contents/Home/jre/lib/libzip.dylib
0x000000011814f000 	/System/Library/Frameworks/JavaVM.framework/Frameworks/JavaRuntimeSupport.framework/JavaRuntimeSupport
0x0000000118167000 	/System/Library/Frameworks/JavaVM.framework/Versions/A/Frameworks/JavaNativeFoundation.framework/Versions/A/JavaNativeFoundation
0x00000001017ef000 	/System/Library/Frameworks/JavaVM.framework/Versions/A/JavaVM
0x00000000077e3000 	/System/Library/Frameworks/Carbon.framework/Versions/A/Carbon
0x000000011817c000 	/System/Library/PrivateFrameworks/JavaLaunching.framework/Versions/A/JavaLaunching
0x00000000077e3000 	/System/Library/Frameworks/Carbon.framework/Versions/A/Frameworks/CommonPanels.framework/Versions/A/CommonPanels
0x00000000077e3000 	/System/Library/Frameworks/Carbon.framework/Versions/A/Frameworks/Help.framework/Versions/A/Help
0x00000000077e3000 	/System/Library/Frameworks/Carbon.framework/Versions/A/Frameworks/ImageCapture.framework/Versions/A/ImageCapture
0x00000000077e3000 	/System/Library/Frameworks/Carbon.framework/Versions/A/Frameworks/OpenScripting.framework/Versions/A/OpenScripting
0x00000000077e3000 	/System/Library/Frameworks/Carbon.framework/Versions/A/Frameworks/Print.framework/Versions/A/Print
0x00000000077e3000 	/System/Library/Frameworks/Carbon.framework/Versions/A/Frameworks/SecurityHI.framework/Versions/A/SecurityHI
0x000000011a13a000 	/Applications/IntelliJ IDEA 13 CE.app/bin/libbreakgen64.jnilib
0x000000011a240000 	/Library/Java/JavaVirtualMachines/jdk1.8.0_05.jdk/Contents/Home/jre/lib/libnet.dylib
0x000000011a29e000 	/Library/Java/JavaVirtualMachines/jdk1.8.0_05.jdk/Contents/Home/jre/lib/libawt.dylib
0x000000011a34d000 	/Library/Java/JavaVirtualMachines/jdk1.8.0_05.jdk/Contents/Home/jre/lib/./libmlib_image.dylib
0x000000011a419000 	/Library/Java/JavaVirtualMachines/jdk1.8.0_05.jdk/Contents/Home/jre/lib/libawt_lwawt.dylib
0x000000011a4cb000 	/Library/Java/JavaVirtualMachines/jdk1.8.0_05.jdk/Contents/Home/jre/lib/./libosxapp.dylib
0x00000000077e3000 	/System/Library/Frameworks/ExceptionHandling.framework/Versions/A/ExceptionHandling
0x00000000077e3000 	/System/Library/PrivateFrameworks/CoreServicesInternal.framework/Versions/A/CoreServicesInternal
0x00000000077e3000 	/System/Library/PrivateFrameworks/CloudDocs.framework/Versions/A/CloudDocs
0x00000000077e3000 	/System/Library/PrivateFrameworks/CoreDuet.framework/Versions/A/CoreDuet
0x00000000077e3000 	/System/Library/Frameworks/CloudKit.framework/Versions/A/CloudKit
0x00000000077e3000 	/System/Library/PrivateFrameworks/ProtocolBuffer.framework/Versions/A/ProtocolBuffer
0x00000000077e3000 	/System/Library/PrivateFrameworks/CoreDuetDaemonProtocol.framework/Versions/A/CoreDuetDaemonProtocol
0x00000000077e3000 	/System/Library/PrivateFrameworks/CoreDuetDebugLogging.framework/Versions/A/CoreDuetDebugLogging
0x00000000077e3000 	/System/Library/Frameworks/CoreLocation.framework/Versions/A/CoreLocation
0x00000000077e3000 	/System/Library/Frameworks/Accounts.framework/Versions/A/Accounts
0x00000000077e3000 	/System/Library/PrivateFrameworks/ApplePushService.framework/Versions/A/ApplePushService
0x00000000077e3000 	/System/Library/PrivateFrameworks/GeoServices.framework/Versions/A/GeoServices
0x00000000077e3000 	/System/Library/PrivateFrameworks/OAuth.framework/Versions/A/OAuth
0x00000000077e3000 	/System/Library/PrivateFrameworks/CoreDaemon.framework/Versions/B/CoreDaemon
0x00000000077e3000 	/usr/lib/libcrypto.0.9.8.dylib
0x00000000077e3000 	/System/Library/PrivateFrameworks/AppleSRP.framework/Versions/A/AppleSRP
0x00000000077e3000 	/System/Library/PrivateFrameworks/TrustEvaluationAgent.framework/Versions/A/TrustEvaluationAgent
0x00000000077e3000 	/System/Library/Frameworks/CoreGraphics.framework/Versions/A/Resources/libCGCMS.A.dylib
0x00000000077e3000 	/System/Library/Frameworks/CoreGraphics.framework/Versions/A/Resources/libRIP.A.dylib
0x00000000077e3000 	/System/Library/Frameworks/CoreGraphics.framework/Versions/A/Resources/libCGXType.A.dylib
0x00000000077e3000 	/System/Library/Frameworks/OpenCL.framework/Versions/A/Libraries/libcldcpuengine.dylib
0x00000000077e3000 	/System/Library/PrivateFrameworks/DiskImages.framework/Versions/A/DiskImages
0x00000000077e3000 	/System/Library/Frameworks/DiscRecording.framework/Versions/A/DiscRecording
0x00000000077e3000 	/usr/lib/libcsfde.dylib
0x00000000077e3000 	/usr/lib/libcurl.4.dylib
0x00000000077e3000 	/System/Library/PrivateFrameworks/MediaKit.framework/Versions/A/MediaKit
0x00000000077e3000 	/System/Library/PrivateFrameworks/ProtectedCloudStorage.framework/Versions/A/ProtectedCloudStorage
0x00000000077e3000 	/usr/lib/libCoreStorage.dylib
0x00000000077e3000 	/System/Library/PrivateFrameworks/EFILogin.framework/Versions/A/EFILogin
0x00000000077e3000 	/usr/lib/libutil.dylib
0x00000000077e3000 	/System/Library/PrivateFrameworks/FindMyDevice.framework/Versions/A/FindMyDevice
0x00000000077e3000 	/System/Library/Frameworks/LDAP.framework/Versions/A/LDAP
0x00000000077e3000 	/usr/lib/libsasl2.2.dylib
0x000000011c98b000 	cl_kernels
0x000000011c98d000 	/System/Library/Frameworks/OpenCL.framework/Versions/A/Libraries/ImageFormats/unorm8_bgra.dylib
0x000000011c97c000 	cl_kernels
0x00000000077e3000 	/System/Library/PrivateFrameworks/FamilyControls.framework/Versions/A/FamilyControls
0x00000000077e3000 	/System/Library/PrivateFrameworks/CommerceKit.framework/Versions/A/Frameworks/CommerceCore.framework/Versions/A/CommerceCore
0x00000000077e3000 	/System/Library/PrivateFrameworks/SystemAdministration.framework/Versions/A/SystemAdministration
0x00000000077e3000 	/System/Library/PrivateFrameworks/AppContainer.framework/Versions/A/AppContainer
0x00000000077e3000 	/System/Library/PrivateFrameworks/SecCodeWrapper.framework/Versions/A/SecCodeWrapper
0x00000000077e3000 	/System/Library/Frameworks/DirectoryService.framework/Versions/A/DirectoryService
0x00000000077e3000 	/System/Library/PrivateFrameworks/LoginUIKit.framework/Versions/A/Frameworks/LoginUICore.framework/Versions/A/LoginUICore
0x00000000077e3000 	/usr/lib/libodfde.dylib
0x000000011e080000 	/Library/Java/JavaVirtualMachines/jdk1.8.0_05.jdk/Contents/Home/jre/lib/libfontmanager.dylib
0x000000011e0e6000 	/Users/hannes/ideaProjects/NetworkSpace/lib/slick/native/macosx/liblwjgl.dylib
0x000000011c4e8000 	/Library/Java/JavaVirtualMachines/jdk1.8.0_05.jdk/Contents/Home/jre/lib/libjawt.dylib
0x00000000077e3000 	/System/Library/Frameworks/OpenGL.framework/Versions/A/Resources/GLEngine.bundle/GLEngine
0x00000000077e3000 	/System/Library/Frameworks/OpenGL.framework/Versions/A/Libraries/libGLProgrammability.dylib
0x0000000000000000 	/System/Library/Extensions/AppleIntelHD5000GraphicsGLDriver.bundle/Contents/MacOS/AppleIntelHD5000GraphicsGLDriver
0x00000000077e3000 	/System/Library/PrivateFrameworks/IOAccelerator.framework/Versions/A/IOAccelerator
0x00000000077e3000 	/System/Library/PrivateFrameworks/GPUSupport.framework/Versions/A/Libraries/libGPUSupportMercury.dylib
0x00000000077e3000 	/System/Library/Frameworks/OpenGL.framework/Versions/A/Resources/GLRendererFloat.bundle/GLRendererFloat
0x000000011ed8b000 	/Library/Java/JavaVirtualMachines/jdk1.8.0_05.jdk/Contents/Home/jre/lib/libnio.dylib

VM Arguments:
jvm_args: -Didea.launcher.port=7555 -Didea.launcher.bin.path=/Applications/IntelliJ IDEA 13 CE.app/bin -Dfile.encoding=UTF-8 
java_command: com.intellij.rt.execution.application.AppMain me.reckter.MainClient -Djava.library.path=./lib/slick/native/
java_class_path (initial): /Library/Java/JavaVirtualMachines/jdk1.8.0_05.jdk/Contents/Home/lib/ant-javafx.jar:/Library/Java/JavaVirtualMachines/jdk1.8.0_05.jdk/Contents/Home/lib/dt.jar:/Library/Java/JavaVirtualMachines/jdk1.8.0_05.jdk/Contents/Home/lib/javafx-mx.jar:/Library/Java/JavaVirtualMachines/jdk1.8.0_05.jdk/Contents/Home/lib/jconsole.jar:/Library/Java/JavaVirtualMachines/jdk1.8.0_05.jdk/Contents/Home/lib/sa-jdi.jar:/Library/Java/JavaVirtualMachines/jdk1.8.0_05.jdk/Contents/Home/lib/tools.jar:/Library/Java/JavaVirtualMachines/jdk1.8.0_05.jdk/Contents/Home/jre/lib/charsets.jar:/Library/Java/JavaVirtualMachines/jdk1.8.0_05.jdk/Contents/Home/jre/lib/deploy.jar:/Library/Java/JavaVirtualMachines/jdk1.8.0_05.jdk/Contents/Home/jre/lib/htmlconverter.jar:/Library/Java/JavaVirtualMachines/jdk1.8.0_05.jdk/Contents/Home/jre/lib/javaws.jar:/Library/Java/JavaVirtualMachines/jdk1.8.0_05.jdk/Contents/Home/jre/lib/jce.jar:/Library/Java/JavaVirtualMachines/jdk1.8.0_05.jdk/Contents/Home/jre/lib/jfr.jar:/Library/Java/JavaVirtualMachines/jdk1.8.0_05.jdk/Contents/Home/jre/lib/jfxswt.jar:/Library/Java/JavaVirtualMachines/jdk1.8.0_05.jdk/Contents/Home/jre/lib/jsse.jar:/Library/Java/JavaVirtualMachines/jdk1.8.0_05.jdk/Contents/Home/jre/lib/management-agent.jar:/Library/Java/JavaVirtualMachines/jdk1.8.0_05.jdk/Contents/Home/jre/lib/plugin.jar:/Library/Java/JavaVirtualMachines/jdk1.8.0_05.jdk/Contents/Home/jre/lib/resources.jar:/Library/Java/JavaVirtualMachines/jdk1.8.0_05.jdk/Contents/Home/jre/lib/rt.jar:/Library/Java/JavaVirtualMachines/jdk1.8.0_05.jdk/Contents/Home/jre/lib/ext/cldrdata.jar:/Library/Java/JavaVirtualMachines/jdk1.8.0_05.jdk/Contents/Home/jre/lib/ext/dnsns.jar:/Library/Java/JavaVirtualMachines/jdk1.8.0_05.jdk/Contents/Home/jre/lib/ext/jfxrt.jar:/Library/Java/JavaVirtualMachines/jdk1.8.0_05.jdk/Contents/Home/jre/lib/ext/localedata.jar:/Library/Java/JavaVirtualMachines/jdk1.8.0_05.jdk/Contents/Home/jre/lib/ext/nashorn.jar:/Library/Java/JavaVirtualMachines/jdk1.8.0_05.j
Launcher Type: SUN_STANDARD

Environment Variables:
PATH=/usr/local/bin:/usr/bin:/bin:/usr/sbin:/sbin
SHELL=/bin/bash

Signal Handlers:
SIGSEGV: [libjvm.dylib+0x55f7df], sa_mask[0]=0xfffefeff, sa_flags=0x00000043
SIGBUS: [libjvm.dylib+0x55f7df], sa_mask[0]=0xfffefeff, sa_flags=0x00000042
SIGFPE: [libjvm.dylib+0x442cfa], sa_mask[0]=0xfffefeff, sa_flags=0x00000042
SIGPIPE: [libjvm.dylib+0x442cfa], sa_mask[0]=0xfffefeff, sa_flags=0x00000042
SIGXFSZ: [libjvm.dylib+0x442cfa], sa_mask[0]=0xfffefeff, sa_flags=0x00000042
SIGILL: [libjvm.dylib+0x442cfa], sa_mask[0]=0xfffefeff, sa_flags=0x00000042
SIGUSR1: SIG_DFL, sa_mask[0]=0x00000000, sa_flags=0x00000000
SIGUSR2: [libjvm.dylib+0x442818], sa_mask[0]=0x00000004, sa_flags=0x00000042
SIGHUP: [libjvm.dylib+0x440ba5], sa_mask[0]=0xfffefeff, sa_flags=0x00000042
SIGINT: [libjvm.dylib+0x440ba5], sa_mask[0]=0xfffefeff, sa_flags=0x00000042
SIGTERM: [libjvm.dylib+0x440ba5], sa_mask[0]=0xfffefeff, sa_flags=0x00000042
SIGQUIT: [libjvm.dylib+0x440ba5], sa_mask[0]=0xfffefeff, sa_flags=0x00000042


---------------  S Y S T E M  ---------------

OS:Bsduname:Darwin 14.0.0 Darwin Kernel Version 14.0.0: Tue Jul 29 16:22:25 PDT 2014; root:xnu-2782.1.62~4/RELEASE_X86_64 x86_64
rlimit: STACK 8192k, CORE 0k, NPROC 709, NOFILE 10240, AS infinity
load average:6.62 6.68 5.34

CPU:total 4 (2 cores per cpu, 2 threads per core) family 6 model 69 stepping 1, cmov, cx8, fxsr, mmx, sse, sse2, sse3, ssse3, sse4.1, sse4.2, popcnt, avx, avx2, aes, clmul, erms, ht, tsc, tscinvbit

Memory: 4k page, physical 8388608k(668076k free)

/proc/meminfo:


vm_info: Java HotSpot(TM) 64-Bit Server VM (25.5-b02) for bsd-amd64 JRE (1.8.0_05-b13), built on Mar 18 2014 00:36:13 by "java_re" with gcc 4.2.1 (Based on Apple Inc. build 5658) (LLVM build 2336.11.00)

time: Mon Aug 11 15:57:08 2014
elapsed time: 47 seconds

