#
# A fatal error has been detected by the Java Runtime Environment:
#
#  SIGSEGV (0xb) at pc=0x00007fff95ffc8f2, pid=2066, tid=2319
#
# JRE version: Java(TM) SE Runtime Environment (8.0_05-b13) (build 1.8.0_05-b13)
# Java VM: Java HotSpot(TM) 64-Bit Server VM (25.5-b02 mixed mode bsd-amd64 compressed oops)
# Problematic frame:
# C  [libGPUSupportMercury.dylib+0xb8f2]  gldAttachDrawable+0x60
#
# Failed to write core dump. Core dumps have been disabled. To enable core dumping, try "ulimit -c unlimited" before starting Java again
#
# If you would like to submit a bug report, please visit:
#   http://bugreport.sun.com/bugreport/crash.jsp
# The crash happened outside the Java Virtual Machine in native code.
# See problematic frame for where to report the bug.
#

---------------  T H R E A D  ---------------

Current thread (0x00007fe79a8f9000):  JavaThread "AppKit Thread" daemon [_thread_in_native, id=2319, stack(0x00007fff58dd1000,0x00007fff595d1000)]

siginfo:si_signo=SIGSEGV: si_errno=0, si_code=0 (SEGV0), si_addr=0x0000000000000000

Registers:
RAX=0x5000000000000000, RBX=0x000000000000271e, RCX=0x0000000000000000, RDX=0x00007fe7996652b8
RSP=0x00007fff595caca0, RBP=0x00007fff595cada0, RSI=0x0000000000000050, RDI=0x00007fff77c9c070
R8 =0x00007fe79c00aa60, R9 =0x00007fe79c000000, R10=0x000000000000003c, R11=0x0000000000000206
R12=0x0000000000002718, R13=0x00007fe79a0a3000, R14=0x0000000000000050, R15=0x0000000000000000
RIP=0x00007fff95ffc8f2, EFLAGS=0x0000000000010212, ERR=0x0000000000000000
  TRAPNO=0x000000000000000d

Top of Stack: (sp=0x00007fff595caca0)
0x00007fff595caca0:   0000000000064fce 00007fe799447ed4
0x00007fff595cacb0:   0000000000000100 00007fe799447eb0
0x00007fff595cacc0:   00000000595cace0 00007fff94f5d60f
0x00007fff595cacd0:   0000000000000000 5000000000000000
0x00007fff595cace0:   0000000300000003 00007fff595cae28
0x00007fff595cacf0:   00007fff595cadb4 000000000000dea3
0x00007fff595cad00:   00007fff595cadac 00007fff595cadb0
0x00007fff595cad10:   00007fff595cad90 00007fff932556b0
0x00007fff595cad20:   0000000000000000 0000000000001f1a
0x00007fff595cad30:   0000003400001200 0000060f00000000
0x00007fff595cad40:   00007fff595cad70 00007fff93207c86
0x00007fff595cad50:   00007fff595cade8 0000000000001f1a
0x00007fff595cad60:   00007fff595cada0 0000000032d874db
0x00007fff595cad70:   7500b3f2ba7f32f4 00007fe79c000c00
0x00007fff595cad80:   0000000000002718 0000000000000000
0x00007fff595cad90:   0000000000000050 0000000000000000
0x00007fff595cada0:   00007fff595cadf0 00007fff906568e4
0x00007fff595cadb0:   00007fe79c00aa60 0000000000000000
0x00007fff595cadc0:   00007fe7996652b8 00007fe799489e70
0x00007fff595cadd0:   0000000000000000 00007fe79b1ef950
0x00007fff595cade0:   00007fe79b1eda00 00007fff77c9c070
0x00007fff595cadf0:   00007fff595caee0 00007fff9578d7ac
0x00007fff595cae00:   408c200000000000 405e000000000000
0x00007fff595cae10:   403c000000000000 4092c00000000000
0x00007fff595cae20:   4089b00000000000 0000000000000000
0x00007fff595cae30:   4036000000000000 4092c00000000000
0x00007fff595cae40:   4089000000000000 0000000000000000
0x00007fff595cae50:   0000000000000000 0000000000000001
0x00007fff595cae60:   00007fe7996652b8 0000000000000001
0x00007fff595cae70:   00007fff595caee0 00007fff9579264c
0x00007fff595cae80:   0000000100000003 00007fe79b1ef950
0x00007fff595cae90:   00007fe79b1ef888 000000020000ffff 

Instructions: (pc=0x00007fff95ffc8f2)
0x00007fff95ffc8d2:   48 85 d2 b8 01 00 00 00 bb 15 27 00 00 0f 44 d8
0x00007fff95ffc8e2:   e9 7f 01 00 00 49 8b 45 08 48 89 85 38 ff ff ff
0x00007fff95ffc8f2:   48 8b 00 48 89 85 30 ff ff ff 83 fe 4f 0f 8f fd
0x00007fff95ffc902:   00 00 00 48 89 d0 bb 15 27 00 00 83 fe 35 0f 84 

Register to memory mapping:

RAX=0x5000000000000000 is an unknown value
RBX=0x000000000000271e is an unknown value
RCX=0x0000000000000000 is an unknown value
RDX=0x00007fe7996652b8 is an unknown value
RSP=0x00007fff595caca0 is pointing into the stack for thread: 0x00007fe79a8f9000
RBP=0x00007fff595cada0 is pointing into the stack for thread: 0x00007fe79a8f9000
RSI=0x0000000000000050 is an unknown value
RDI=0x00007fff77c9c070: __stack_chk_guard+0 in /usr/lib/system/libsystem_c.dylib at 0x00007fff894b8000
R8 =0x00007fe79c00aa60 is an unknown value
R9 =0x00007fe79c000000 is an unknown value
R10=0x000000000000003c is an unknown value
R11=0x0000000000000206 is an unknown value
R12=0x0000000000002718 is an unknown value
R13=0x00007fe79a0a3000 is an unknown value
R14=0x0000000000000050 is an unknown value
R15=0x0000000000000000 is an unknown value


Stack: [0x00007fff58dd1000,0x00007fff595d1000],  sp=0x00007fff595caca0,  free space=8167k
Native frames: (J=compiled Java code, j=interpreted, Vv=VM code, C=native code)
C  [libGPUSupportMercury.dylib+0xb8f2]  gldAttachDrawable+0x60
C  [GLEngine+0x168e4]  gliAttachDrawableWithOptions+0x101
C  [OpenGL+0x37ac]  glcGetIOAccelService+0xe03
C  [OpenGL+0x73f3]  CGLSetPBuffer+0xb90
C  [OpenGL+0x7716]  CGLSetSurface+0x124
C  [AppKit+0x2c4665]  -[NSOpenGLContext setView:]+0x2ad
C  [liblwjgl.dylib+0xa19e]  -[MacOSXOpenGLView lockFocus]+0x6e
C  [AppKit+0x14dfb4]  -[NSView _recursiveDisplayRectIfNeededIgnoringOpacity:isVisibleRect:rectIsVisibleRectForView:topView:]+0x740
C  [AppKit+0x14f00f]  -[NSView _recursiveDisplayRectIfNeededIgnoringOpacity:isVisibleRect:rectIsVisibleRectForView:topView:]+0x179b
C  [AppKit+0x14d36c]  -[NSThemeFrame _recursiveDisplayRectIfNeededIgnoringOpacity:isVisibleRect:rectIsVisibleRectForView:topView:]+0x14d
C  [AppKit+0x149eaa]  -[NSView _displayRectIgnoringOpacity:isVisibleRect:rectIsVisibleRectForView:]+0xac9
C  [AppKit+0x128e78]  -[NSView displayIfNeeded]+0x754
C  [AppKit+0x145dd5]  -[NSWindow displayIfNeeded]+0xe8
C  [AppKit+0x182d12]  _handleWindowNeedsDisplayOrLayoutOrUpdateConstraints+0x3a8
C  [AppKit+0x739931]  __83-[NSWindow _postWindowNeedsDisplayOrLayoutOrUpdateConstraintsUnlessPostingDisabled]_block_invoke1519+0x2e
C  [CoreFoundation+0x80607]  __CFRUNLOOP_IS_CALLING_OUT_TO_AN_OBSERVER_CALLBACK_FUNCTION__+0x17
C  [CoreFoundation+0x80560]  __CFRunLoopDoObservers+0x170
C  [CoreFoundation+0x726a4]  __CFRunLoopRun+0x364
C  [CoreFoundation+0x720f8]  CFRunLoopRunSpecific+0x128
C  [HIToolbox+0x2f1af]  RunCurrentEventLoopInMode+0xeb
C  [HIToolbox+0x2ee2e]  ReceiveNextEventCommon+0xb3
C  [HIToolbox+0x2ed6b]  _BlockUntilNextEventMatchingListInModeWithFilter+0x47
C  [AppKit+0x24705]  _DPSNextEvent+0x3e8
C  [AppKit+0x23ed9]  -[NSApplication nextEventMatchingMask:untilDate:inMode:dequeue:]+0x8b
C  [libosxapp.dylib+0x242a]  -[NSApplicationAWT nextEventMatchingMask:untilDate:inMode:dequeue:]+0x7c
C  [AppKit+0x17da3]  -[NSApplication run]+0x252
C  [libosxapp.dylib+0x223e]  +[NSApplicationAWT runAWTLoopWithApp:]+0x9c
C  [libawt_lwawt.dylib+0x439cf]  -[AWTStarter starter:]+0x389
C  [Foundation+0x65a6c]  __NSThreadPerformPerform+0x125
C  [CoreFoundation+0x80ee1]  __CFRUNLOOP_IS_CALLING_OUT_TO_A_SOURCE0_PERFORM_FUNCTION__+0x11
C  [CoreFoundation+0x7308d]  __CFRunLoopDoSources0+0x10d
C  [CoreFoundation+0x726db]  __CFRunLoopRun+0x39b
C  [CoreFoundation+0x720f8]  CFRunLoopRunSpecific+0x128
C  [java+0x56cb]  CreateExecutionEnvironment+0x367
C  [java+0x166c]  JLI_Launch+0x7a0
C  [java+0x7689]  main+0x65
C  [java+0xec4]  start+0x34


---------------  P R O C E S S  ---------------

Java Threads: ( => current thread )
  0x00007fe79a0df000 JavaThread "AWT-Shutdown" [_thread_blocked, id=29211, stack(0x00000001e4ffe000,0x00000001e50fe000)]
=>0x00007fe79a8f9000 JavaThread "AppKit Thread" daemon [_thread_in_native, id=2319, stack(0x00007fff58dd1000,0x00007fff595d1000)]
  0x00007fe7998c0000 JavaThread "Monitor Ctrl-Break" daemon [_thread_in_native, id=19459, stack(0x00000001e01d1000,0x00000001e02d1000)]
  0x00007fe79a023800 JavaThread "Service Thread" daemon [_thread_blocked, id=18435, stack(0x00000001dfe26000,0x00000001dff26000)]
  0x00007fe799844000 JavaThread "C1 CompilerThread2" daemon [_thread_blocked, id=17923, stack(0x00000001dfd23000,0x00000001dfe23000)]
  0x00007fe79a80f000 JavaThread "C2 CompilerThread1" daemon [_thread_blocked, id=17411, stack(0x00000001dfc20000,0x00000001dfd20000)]
  0x00007fe79a813000 JavaThread "C2 CompilerThread0" daemon [_thread_blocked, id=16899, stack(0x00000001dfb1d000,0x00000001dfc1d000)]
  0x00007fe799843000 JavaThread "Signal Dispatcher" daemon [_thread_blocked, id=16399, stack(0x00000001dfa1a000,0x00000001dfb1a000)]
  0x00007fe799840000 JavaThread "Finalizer" daemon [_thread_blocked, id=12035, stack(0x00000001de0e7000,0x00000001de1e7000)]
  0x00007fe79b022800 JavaThread "Reference Handler" daemon [_thread_blocked, id=11523, stack(0x00000001ddfe4000,0x00000001de0e4000)]
  0x00007fe79980c800 JavaThread "main" [_thread_in_native, id=5891, stack(0x0000000107e05000,0x0000000107f05000)]

Other Threads:
  0x00007fe79a815000 VMThread [stack: 0x00000001ddee1000,0x00000001ddfe1000] [id=11011]
  0x00007fe79a024000 WatcherThread [stack: 0x00000001dff29000,0x00000001e0029000] [id=18947]

VM state:not at safepoint (normal execution)

VM Mutex/Monitor currently owned by a thread: None

Heap:
 PSYoungGen      total 6656K, used 546K [0x000000016cb80000, 0x000000016d680000, 0x0000000197600000)
  eden space 6144K, 7% used [0x000000016cb80000,0x000000016cbf8bb8,0x000000016d180000)
  from space 512K, 12% used [0x000000016d600000,0x000000016d610000,0x000000016d680000)
  to   space 1536K, 0% used [0x000000016d380000,0x000000016d380000,0x000000016d500000)
 ParOldGen       total 129536K, used 1859K [0x0000000117600000, 0x000000011f480000, 0x000000016cb80000)
  object space 129536K, 1% used [0x0000000117600000,0x00000001177d0f60,0x000000011f480000)
 Metaspace       used 6950K, capacity 7079K, committed 7168K, reserved 1056768K
  class space    used 720K, capacity 762K, committed 768K, reserved 1048576K

Card table byte_map: [0x0000000197600000,0x0000000197a01000] byte_map_base: 0x0000000196d45000

Marking Bits: (ParMarkBitMap*) 0x0000000106f930a0
 Begin Bits: [0x00000001980b8000, 0x000000019a0b8000)
 End Bits:   [0x000000019a0b8000, 0x000000019c0b8000)

Polling page: 0x0000000107f49000

CodeCache: size=245760Kb used=3270Kb max_used=3284Kb free=242489Kb
 bounds [0x0000000107f5c000, 0x000000010829c000, 0x0000000116f5c000]
 total_blobs=1207 nmethods=818 adapters=305
 compilation: enabled

Compilation events (10 events):
Event: 4.962 Thread 0x00007fe799844000  815       1       java.nio.HeapByteBuffer::_put (8 bytes)
Event: 4.962 Thread 0x00007fe799844000 nmethod 815 0x0000000108270c90 code [0x0000000108270de0, 0x0000000108270f10]
Event: 4.963 Thread 0x00007fe799844000  816       3       java.nio.Buffer::nextGetIndex (38 bytes)
Event: 4.963 Thread 0x00007fe799844000 nmethod 816 0x0000000108279650 code [0x00000001082797c0, 0x00000001082799c8]
Event: 5.162 Thread 0x00007fe799844000  817       3       java.net.URL::toString (5 bytes)
Event: 5.163 Thread 0x00007fe799844000 nmethod 817 0x000000010827d990 code [0x000000010827db00, 0x000000010827dd88]
Event: 5.163 Thread 0x00007fe799844000  818       3       java.net.URL::toExternalForm (9 bytes)
Event: 5.163 Thread 0x00007fe799844000 nmethod 818 0x0000000108279210 code [0x0000000108279380, 0x0000000108279528]
Event: 5.164 Thread 0x00007fe79a80f000  819       4       java.nio.DirectByteBuffer::put (18 bytes)
Event: 5.164 Thread 0x00007fe79a80f000 nmethod 819 0x000000010827d710 code [0x000000010827d840, 0x000000010827d8d8]

GC Heap History (10 events):
Event: 2.004 GC heap before
{Heap before GC invocations=10 (full 0):
 PSYoungGen      total 5120K, used 4456K [0x000000016cb80000, 0x000000016d480000, 0x0000000197600000)
  eden space 3584K, 100% used [0x000000016cb80000,0x000000016cf00000,0x000000016cf00000)
  from space 1536K, 56% used [0x000000016cf00000,0x000000016cfda148,0x000000016d080000)
  to   space 1536K, 0% used [0x000000016d300000,0x000000016d300000,0x000000016d480000)
 ParOldGen       total 129536K, used 1126K [0x0000000117600000, 0x000000011f480000, 0x000000016cb80000)
  object space 129536K, 0% used [0x0000000117600000,0x0000000117719988,0x000000011f480000)
 Metaspace       used 6908K, capacity 7015K, committed 7168K, reserved 1056768K
  class space    used 716K, capacity 762K, committed 768K, reserved 1048576K
Event: 2.006 GC heap after
Heap after GC invocations=10 (full 0):
 PSYoungGen      total 7680K, used 214K [0x000000016cb80000, 0x000000016d480000, 0x0000000197600000)
  eden space 6144K, 0% used [0x000000016cb80000,0x000000016cb80000,0x000000016d180000)
  from space 1536K, 13% used [0x000000016d300000,0x000000016d335858,0x000000016d480000)
  to   space 1536K, 0% used [0x000000016d180000,0x000000016d180000,0x000000016d300000)
 ParOldGen       total 129536K, used 1659K [0x0000000117600000, 0x000000011f480000, 0x000000016cb80000)
  object space 129536K, 1% used [0x0000000117600000,0x000000011779ee18,0x000000011f480000)
 Metaspace       used 6908K, capacity 7015K, committed 7168K, reserved 1056768K
  class space    used 716K, capacity 762K, committed 768K, reserved 1048576K
}
Event: 2.826 GC heap before
{Heap before GC invocations=11 (full 0):
 PSYoungGen      total 7680K, used 6358K [0x000000016cb80000, 0x000000016d480000, 0x0000000197600000)
  eden space 6144K, 100% used [0x000000016cb80000,0x000000016d180000,0x000000016d180000)
  from space 1536K, 13% used [0x000000016d300000,0x000000016d335858,0x000000016d480000)
  to   space 1536K, 0% used [0x000000016d180000,0x000000016d180000,0x000000016d300000)
 ParOldGen       total 129536K, used 1659K [0x0000000117600000, 0x000000011f480000, 0x000000016cb80000)
  object space 129536K, 1% used [0x0000000117600000,0x000000011779ee18,0x000000011f480000)
 Metaspace       used 6941K, capacity 7079K, committed 7168K, reserved 1056768K
  class space    used 720K, capacity 762K, committed 768K, reserved 1048576K
Event: 2.827 GC heap after
Heap after GC invocations=11 (full 0):
 PSYoungGen      total 7680K, used 128K [0x000000016cb80000, 0x000000016d880000, 0x0000000197600000)
  eden space 6144K, 0% used [0x000000016cb80000,0x000000016cb80000,0x000000016d180000)
  from space 1536K, 8% used [0x000000016d180000,0x000000016d1a0000,0x000000016d300000)
  to   space 1536K, 0% used [0x000000016d700000,0x000000016d700000,0x000000016d880000)
 ParOldGen       total 129536K, used 1803K [0x0000000117600000, 0x000000011f480000, 0x000000016cb80000)
  object space 129536K, 1% used [0x0000000117600000,0x00000001177c2f60,0x000000011f480000)
 Metaspace       used 6941K, capacity 7079K, committed 7168K, reserved 1056768K
  class space    used 720K, capacity 762K, committed 768K, reserved 1048576K
}
Event: 3.597 GC heap before
{Heap before GC invocations=12 (full 0):
 PSYoungGen      total 7680K, used 6272K [0x000000016cb80000, 0x000000016d880000, 0x0000000197600000)
  eden space 6144K, 100% used [0x000000016cb80000,0x000000016d180000,0x000000016d180000)
  from space 1536K, 8% used [0x000000016d180000,0x000000016d1a0000,0x000000016d300000)
  to   space 1536K, 0% used [0x000000016d700000,0x000000016d700000,0x000000016d880000)
 ParOldGen       total 129536K, used 1803K [0x0000000117600000, 0x000000011f480000, 0x000000016cb80000)
  object space 129536K, 1% used [0x0000000117600000,0x00000001177c2f60,0x000000011f480000)
 Metaspace       used 6941K, capacity 7079K, committed 7168K, reserved 1056768K
  class space    used 720K, capacity 762K, committed 768K, reserved 1048576K
Event: 3.598 GC heap after
Heap after GC invocations=12 (full 0):
 PSYoungGen      total 6656K, used 96K [0x000000016cb80000, 0x000000016d780000, 0x0000000197600000)
  eden space 6144K, 0% used [0x000000016cb80000,0x000000016cb80000,0x000000016d180000)
  from space 512K, 18% used [0x000000016d700000,0x000000016d718000,0x000000016d780000)
  to   space 1536K, 0% used [0x000000016d480000,0x000000016d480000,0x000000016d600000)
 ParOldGen       total 129536K, used 1827K [0x0000000117600000, 0x000000011f480000, 0x000000016cb80000)
  object space 129536K, 1% used [0x0000000117600000,0x00000001177c8f60,0x000000011f480000)
 Metaspace       used 6941K, capacity 7079K, committed 7168K, reserved 1056768K
  class space    used 720K, capacity 762K, committed 768K, reserved 1048576K
}
Event: 4.371 GC heap before
{Heap before GC invocations=13 (full 0):
 PSYoungGen      total 6656K, used 6240K [0x000000016cb80000, 0x000000016d780000, 0x0000000197600000)
  eden space 6144K, 100% used [0x000000016cb80000,0x000000016d180000,0x000000016d180000)
  from space 512K, 18% used [0x000000016d700000,0x000000016d718000,0x000000016d780000)
  to   space 1536K, 0% used [0x000000016d480000,0x000000016d480000,0x000000016d600000)
 ParOldGen       total 129536K, used 1827K [0x0000000117600000, 0x000000011f480000, 0x000000016cb80000)
  object space 129536K, 1% used [0x0000000117600000,0x00000001177c8f60,0x000000011f480000)
 Metaspace       used 6941K, capacity 7079K, committed 7168K, reserved 1056768K
  class space    used 720K, capacity 762K, committed 768K, reserved 1048576K
Event: 4.372 GC heap after
Heap after GC invocations=13 (full 0):
 PSYoungGen      total 7680K, used 96K [0x000000016cb80000, 0x000000016d780000, 0x0000000197600000)
  eden space 6144K, 0% used [0x000000016cb80000,0x000000016cb80000,0x000000016d180000)
  from space 1536K, 6% used [0x000000016d480000,0x000000016d498000,0x000000016d600000)
  to   space 1536K, 0% used [0x000000016d600000,0x000000016d600000,0x000000016d780000)
 ParOldGen       total 129536K, used 1843K [0x0000000117600000, 0x000000011f480000, 0x000000016cb80000)
  object space 129536K, 1% used [0x0000000117600000,0x00000001177ccf60,0x000000011f480000)
 Metaspace       used 6941K, capacity 7079K, committed 7168K, reserved 1056768K
  class space    used 720K, capacity 762K, committed 768K, reserved 1048576K
}
Event: 5.109 GC heap before
{Heap before GC invocations=14 (full 0):
 PSYoungGen      total 7680K, used 6240K [0x000000016cb80000, 0x000000016d780000, 0x0000000197600000)
  eden space 6144K, 100% used [0x000000016cb80000,0x000000016d180000,0x000000016d180000)
  from space 1536K, 6% used [0x000000016d480000,0x000000016d498000,0x000000016d600000)
  to   space 1536K, 0% used [0x000000016d600000,0x000000016d600000,0x000000016d780000)
 ParOldGen       total 129536K, used 1843K [0x0000000117600000, 0x000000011f480000, 0x000000016cb80000)
  object space 129536K, 1% used [0x0000000117600000,0x00000001177ccf60,0x000000011f480000)
 Metaspace       used 6942K, capacity 7079K, committed 7168K, reserved 1056768K
  class space    used 720K, capacity 762K, committed 768K, reserved 1048576K
Event: 5.110 GC heap after
Heap after GC invocations=14 (full 0):
 PSYoungGen      total 6656K, used 64K [0x000000016cb80000, 0x000000016d680000, 0x0000000197600000)
  eden space 6144K, 0% used [0x000000016cb80000,0x000000016cb80000,0x000000016d180000)
  from space 512K, 12% used [0x000000016d600000,0x000000016d610000,0x000000016d680000)
  to   space 1536K, 0% used [0x000000016d380000,0x000000016d380000,0x000000016d500000)
 ParOldGen       total 129536K, used 1859K [0x0000000117600000, 0x000000011f480000, 0x000000016cb80000)
  object space 129536K, 1% used [0x0000000117600000,0x00000001177d0f60,0x000000011f480000)
 Metaspace       used 6942K, capacity 7079K, committed 7168K, reserved 1056768K
  class space    used 720K, capacity 762K, committed 768K, reserved 1048576K
}

Deoptimization events (0 events):
No events

Internal exceptions (10 events):
Event: 1.050 Thread 0x00007fe79980c800 Exception <a 'java/security/PrivilegedActionException'> (0x000000016cd3a2a8) thrown at [/HUDSON/workspace/8-2-build-macosx-x86_64/jdk8u5/2488/hotspot/src/share/vm/prims/jvm.cpp, line 1248]
Event: 1.050 Thread 0x00007fe79980c800 Exception <a 'java/security/PrivilegedActionException'> (0x000000016cd42b90) thrown at [/HUDSON/workspace/8-2-build-macosx-x86_64/jdk8u5/2488/hotspot/src/share/vm/prims/jvm.cpp, line 1248]
Event: 1.052 Thread 0x00007fe79980c800 Exception <a 'java/security/PrivilegedActionException'> (0x000000016cd4d530) thrown at [/HUDSON/workspace/8-2-build-macosx-x86_64/jdk8u5/2488/hotspot/src/share/vm/prims/jvm.cpp, line 1248]
Event: 1.053 Thread 0x00007fe79980c800 Exception <a 'java/security/PrivilegedActionException'> (0x000000016cd53c50) thrown at [/HUDSON/workspace/8-2-build-macosx-x86_64/jdk8u5/2488/hotspot/src/share/vm/prims/jvm.cpp, line 1248]
Event: 1.057 Thread 0x00007fe79980c800 Exception <a 'java/security/PrivilegedActionException'> (0x000000016cd66bc8) thrown at [/HUDSON/workspace/8-2-build-macosx-x86_64/jdk8u5/2488/hotspot/src/share/vm/prims/jvm.cpp, line 1248]
Event: 1.058 Thread 0x00007fe79980c800 Exception <a 'java/security/PrivilegedActionException'> (0x000000016cd6e868) thrown at [/HUDSON/workspace/8-2-build-macosx-x86_64/jdk8u5/2488/hotspot/src/share/vm/prims/jvm.cpp, line 1248]
Event: 1.062 Thread 0x00007fe79980c800 Exception <a 'java/security/PrivilegedActionException'> (0x000000016cd76288) thrown at [/HUDSON/workspace/8-2-build-macosx-x86_64/jdk8u5/2488/hotspot/src/share/vm/prims/jvm.cpp, line 1248]
Event: 1.062 Thread 0x00007fe79980c800 Exception <a 'java/security/PrivilegedActionException'> (0x000000016cd80dc8) thrown at [/HUDSON/workspace/8-2-build-macosx-x86_64/jdk8u5/2488/hotspot/src/share/vm/prims/jvm.cpp, line 1248]
Event: 1.065 Thread 0x00007fe79980c800 Exception <a 'java/security/PrivilegedActionException'> (0x000000016cd888f0) thrown at [/HUDSON/workspace/8-2-build-macosx-x86_64/jdk8u5/2488/hotspot/src/share/vm/prims/jvm.cpp, line 1248]
Event: 5.162 Thread 0x00007fe79980c800 Exception <a 'java/security/PrivilegedActionException'> (0x000000016cbdb870) thrown at [/HUDSON/workspace/8-2-build-macosx-x86_64/jdk8u5/2488/hotspot/src/share/vm/prims/jvm.cpp, line 1248]

Events (10 events):
Event: 3.598 Executing VM operation: ParallelGCFailedAllocation done
Event: 3.974 Thread 0x00007fe79a0df000 Thread added: 0x00007fe79a0df000
Event: 4.164 Executing VM operation: EnableBiasedLocking
Event: 4.165 Executing VM operation: EnableBiasedLocking done
Event: 4.371 Executing VM operation: ParallelGCFailedAllocation
Event: 4.372 Executing VM operation: ParallelGCFailedAllocation done
Event: 5.109 Executing VM operation: ParallelGCFailedAllocation
Event: 5.110 Executing VM operation: ParallelGCFailedAllocation done
Event: 5.162 loading class org/lwjgl/opengl/CallbackUtil
Event: 5.162 loading class org/lwjgl/opengl/CallbackUtil done


Dynamic libraries:
0x00000000077e3000 	/System/Library/Frameworks/Cocoa.framework/Versions/A/Cocoa
0x00000000077e3000 	/System/Library/Frameworks/Security.framework/Versions/A/Security
0x00000000077e3000 	/System/Library/Frameworks/ApplicationServices.framework/Versions/A/ApplicationServices
0x00000000077e3000 	/usr/lib/libz.1.dylib
0x00000000077e3000 	/usr/lib/libSystem.B.dylib
0x00000000077e3000 	/usr/lib/libobjc.A.dylib
0x00000000077e3000 	/System/Library/Frameworks/CoreFoundation.framework/Versions/A/CoreFoundation
0x00000000077e3000 	/System/Library/Frameworks/Foundation.framework/Versions/C/Foundation
0x00000000077e3000 	/System/Library/Frameworks/AppKit.framework/Versions/C/AppKit
0x00000000077e3000 	/System/Library/Frameworks/CoreData.framework/Versions/A/CoreData
0x00000000077e3000 	/System/Library/PrivateFrameworks/RemoteViewServices.framework/Versions/A/RemoteViewServices
0x00000000077e3000 	/System/Library/PrivateFrameworks/UIFoundation.framework/Versions/A/UIFoundation
0x00000000077e3000 	/System/Library/Frameworks/AudioToolbox.framework/Versions/A/AudioToolbox
0x00000000077e3000 	/System/Library/Frameworks/AudioUnit.framework/Versions/A/AudioUnit
0x00000000077e3000 	/System/Library/PrivateFrameworks/DataDetectorsCore.framework/Versions/A/DataDetectorsCore
0x00000000077e3000 	/System/Library/PrivateFrameworks/DesktopServicesPriv.framework/Versions/A/DesktopServicesPriv
0x00000000077e3000 	/System/Library/Frameworks/Carbon.framework/Versions/A/Frameworks/HIToolbox.framework/Versions/A/HIToolbox
0x00000000077e3000 	/System/Library/Frameworks/QuartzCore.framework/Versions/A/QuartzCore
0x00000000077e3000 	/System/Library/Frameworks/Carbon.framework/Versions/A/Frameworks/SpeechRecognition.framework/Versions/A/SpeechRecognition
0x00000000077e3000 	/usr/lib/libauto.dylib
0x00000000077e3000 	/usr/lib/libicucore.A.dylib
0x00000000077e3000 	/usr/lib/libxml2.2.dylib
0x00000000077e3000 	/System/Library/PrivateFrameworks/CoreUI.framework/Versions/A/CoreUI
0x00000000077e3000 	/System/Library/Frameworks/CoreAudio.framework/Versions/A/CoreAudio
0x00000000077e3000 	/System/Library/Frameworks/DiskArbitration.framework/Versions/A/DiskArbitration
0x00000000077e3000 	/usr/lib/liblangid.dylib
0x00000000077e3000 	/System/Library/PrivateFrameworks/MultitouchSupport.framework/Versions/A/MultitouchSupport
0x00000000077e3000 	/System/Library/Frameworks/IOKit.framework/Versions/A/IOKit
0x00000000077e3000 	/usr/lib/libDiagnosticMessagesClient.dylib
0x00000000077e3000 	/System/Library/Frameworks/CoreServices.framework/Versions/A/CoreServices
0x00000000077e3000 	/System/Library/PrivateFrameworks/PerformanceAnalysis.framework/Versions/A/PerformanceAnalysis
0x00000000077e3000 	/System/Library/PrivateFrameworks/GenerationalStorage.framework/Versions/A/GenerationalStorage
0x00000000077e3000 	/System/Library/Frameworks/OpenGL.framework/Versions/A/OpenGL
0x00000000077e3000 	/System/Library/PrivateFrameworks/Sharing.framework/Versions/A/Sharing
0x00000000077e3000 	/System/Library/Frameworks/CoreGraphics.framework/Versions/A/CoreGraphics
0x00000000077e3000 	/System/Library/Frameworks/CoreText.framework/Versions/A/CoreText
0x00000000077e3000 	/System/Library/Frameworks/ImageIO.framework/Versions/A/ImageIO
0x00000000077e3000 	/usr/lib/libextension.dylib
0x00000000077e3000 	/System/Library/PrivateFrameworks/Backup.framework/Versions/A/Backup
0x00000000077e3000 	/usr/lib/libarchive.2.dylib
0x00000000077e3000 	/System/Library/Frameworks/CFNetwork.framework/Versions/A/CFNetwork
0x00000000077e3000 	/System/Library/Frameworks/SystemConfiguration.framework/Versions/A/SystemConfiguration
0x00000000077e3000 	/usr/lib/libCRFSuite.dylib
0x00000000077e3000 	/usr/lib/libc++.1.dylib
0x00000000077e3000 	/usr/lib/libc++abi.dylib
0x00000000077e3000 	/usr/lib/system/libcache.dylib
0x00000000077e3000 	/usr/lib/system/libcommonCrypto.dylib
0x00000000077e3000 	/usr/lib/system/libcompiler_rt.dylib
0x00000000077e3000 	/usr/lib/system/libcopyfile.dylib
0x00000000077e3000 	/usr/lib/system/libcorecrypto.dylib
0x00000000077e3000 	/usr/lib/system/libdispatch.dylib
0x00000000077e3000 	/usr/lib/system/libdyld.dylib
0x00000000077e3000 	/usr/lib/system/libkeymgr.dylib
0x00000000077e3000 	/usr/lib/system/liblaunch.dylib
0x00000000077e3000 	/usr/lib/system/libmacho.dylib
0x00000000077e3000 	/usr/lib/system/libquarantine.dylib
0x00000000077e3000 	/usr/lib/system/libremovefile.dylib
0x00000000077e3000 	/usr/lib/system/libsystem_asl.dylib
0x00000000077e3000 	/usr/lib/system/libsystem_blocks.dylib
0x00000000077e3000 	/usr/lib/system/libsystem_c.dylib
0x00000000077e3000 	/usr/lib/system/libsystem_configuration.dylib
0x00000000077e3000 	/usr/lib/system/libsystem_coreservices.dylib
0x00000000077e3000 	/usr/lib/system/libsystem_coretls.dylib
0x00000000077e3000 	/usr/lib/system/libsystem_dnssd.dylib
0x00000000077e3000 	/usr/lib/system/libsystem_info.dylib
0x00000000077e3000 	/usr/lib/system/libsystem_kernel.dylib
0x00000000077e3000 	/usr/lib/system/libsystem_m.dylib
0x00000000077e3000 	/usr/lib/system/libsystem_malloc.dylib
0x00000000077e3000 	/usr/lib/system/libsystem_network.dylib
0x00000000077e3000 	/usr/lib/system/libsystem_networkextension.dylib
0x00000000077e3000 	/usr/lib/system/libsystem_notify.dylib
0x00000000077e3000 	/usr/lib/system/libsystem_platform.dylib
0x00000000077e3000 	/usr/lib/system/libsystem_pthread.dylib
0x00000000077e3000 	/usr/lib/system/libsystem_sandbox.dylib
0x00000000077e3000 	/usr/lib/system/libsystem_secinit.dylib
0x00000000077e3000 	/usr/lib/system/libsystem_stats.dylib
0x00000000077e3000 	/usr/lib/system/libsystem_trace.dylib
0x00000000077e3000 	/usr/lib/system/libunc.dylib
0x00000000077e3000 	/usr/lib/system/libunwind.dylib
0x00000000077e3000 	/usr/lib/system/libxpc.dylib
0x00000000077e3000 	/usr/lib/libbz2.1.0.dylib
0x00000000077e3000 	/usr/lib/liblzma.5.dylib
0x00000000077e3000 	/usr/lib/libbsm.0.dylib
0x00000000077e3000 	/usr/lib/libsqlite3.dylib
0x00000000077e3000 	/usr/lib/system/libkxld.dylib
0x00000000077e3000 	/usr/lib/libxar.1.dylib
0x00000000077e3000 	/usr/lib/libpam.2.dylib
0x00000000077e3000 	/usr/lib/libOpenScriptingUtil.dylib
0x00000000077e3000 	/System/Library/Frameworks/CoreServices.framework/Versions/A/Frameworks/FSEvents.framework/Versions/A/FSEvents
0x00000000077e3000 	/System/Library/Frameworks/CoreServices.framework/Versions/A/Frameworks/CarbonCore.framework/Versions/A/CarbonCore
0x00000000077e3000 	/System/Library/Frameworks/CoreServices.framework/Versions/A/Frameworks/Metadata.framework/Versions/A/Metadata
0x00000000077e3000 	/System/Library/Frameworks/CoreServices.framework/Versions/A/Frameworks/OSServices.framework/Versions/A/OSServices
0x00000000077e3000 	/System/Library/Frameworks/CoreServices.framework/Versions/A/Frameworks/SearchKit.framework/Versions/A/SearchKit
0x00000000077e3000 	/System/Library/Frameworks/CoreServices.framework/Versions/A/Frameworks/AE.framework/Versions/A/AE
0x00000000077e3000 	/System/Library/Frameworks/CoreServices.framework/Versions/A/Frameworks/LaunchServices.framework/Versions/A/LaunchServices
0x00000000077e3000 	/System/Library/Frameworks/CoreServices.framework/Versions/A/Frameworks/DictionaryServices.framework/Versions/A/DictionaryServices
0x00000000077e3000 	/System/Library/Frameworks/NetFS.framework/Versions/A/NetFS
0x00000000077e3000 	/System/Library/PrivateFrameworks/NetAuth.framework/Versions/A/NetAuth
0x00000000077e3000 	/System/Library/PrivateFrameworks/login.framework/Versions/A/Frameworks/loginsupport.framework/Versions/A/loginsupport
0x00000000077e3000 	/System/Library/PrivateFrameworks/TCC.framework/Versions/A/TCC
0x00000000077e3000 	/usr/lib/libmecabra.dylib
0x00000000077e3000 	/System/Library/PrivateFrameworks/LanguageModeling.framework/Versions/A/LanguageModeling
0x00000000077e3000 	/usr/lib/libcmph.dylib
0x00000000077e3000 	/usr/lib/libiconv.2.dylib
0x00000000077e3000 	/System/Library/Frameworks/OpenDirectory.framework/Versions/A/Frameworks/CFOpenDirectory.framework/Versions/A/CFOpenDirectory
0x00000000077e3000 	/System/Library/Frameworks/ServiceManagement.framework/Versions/A/ServiceManagement
0x00000000077e3000 	/usr/lib/libxslt.1.dylib
0x00000000077e3000 	/System/Library/Frameworks/Carbon.framework/Versions/A/Frameworks/Ink.framework/Versions/A/Ink
0x00000000077e3000 	/System/Library/Frameworks/ApplicationServices.framework/Versions/A/Frameworks/ATS.framework/Versions/A/ATS
0x00000000077e3000 	/System/Library/Frameworks/ApplicationServices.framework/Versions/A/Frameworks/ColorSync.framework/Versions/A/ColorSync
0x00000000077e3000 	/System/Library/Frameworks/ApplicationServices.framework/Versions/A/Frameworks/HIServices.framework/Versions/A/HIServices
0x00000000077e3000 	/System/Library/Frameworks/ApplicationServices.framework/Versions/A/Frameworks/LangAnalysis.framework/Versions/A/LangAnalysis
0x00000000077e3000 	/System/Library/Frameworks/ApplicationServices.framework/Versions/A/Frameworks/PrintCore.framework/Versions/A/PrintCore
0x00000000077e3000 	/System/Library/Frameworks/ApplicationServices.framework/Versions/A/Frameworks/QD.framework/Versions/A/QD
0x00000000077e3000 	/System/Library/Frameworks/ApplicationServices.framework/Versions/A/Frameworks/SpeechSynthesis.framework/Versions/A/SpeechSynthesis
0x00000000077e3000 	/System/Library/Frameworks/IOSurface.framework/Versions/A/IOSurface
0x00000000077e3000 	/System/Library/Frameworks/Accelerate.framework/Versions/A/Accelerate
0x00000000077e3000 	/System/Library/Frameworks/Accelerate.framework/Versions/A/Frameworks/vImage.framework/Versions/A/vImage
0x00000000077e3000 	/System/Library/Frameworks/Accelerate.framework/Versions/A/Frameworks/vecLib.framework/Versions/A/vecLib
0x00000000077e3000 	/System/Library/Frameworks/Accelerate.framework/Versions/A/Frameworks/vecLib.framework/Versions/A/libvDSP.dylib
0x00000000077e3000 	/System/Library/Frameworks/Accelerate.framework/Versions/A/Frameworks/vecLib.framework/Versions/A/libvMisc.dylib
0x00000000077e3000 	/System/Library/Frameworks/Accelerate.framework/Versions/A/Frameworks/vecLib.framework/Versions/A/libLAPACK.dylib
0x00000000077e3000 	/System/Library/Frameworks/Accelerate.framework/Versions/A/Frameworks/vecLib.framework/Versions/A/libBLAS.dylib
0x00000000077e3000 	/System/Library/Frameworks/Accelerate.framework/Versions/A/Frameworks/vecLib.framework/Versions/A/libLinearAlgebra.dylib
0x00000000077e3000 	/System/Library/Frameworks/ApplicationServices.framework/Versions/A/Frameworks/ATS.framework/Versions/A/Resources/libFontParser.dylib
0x00000000077e3000 	/System/Library/Frameworks/ApplicationServices.framework/Versions/A/Frameworks/ATS.framework/Versions/A/Resources/libFontRegistry.dylib
0x00000000077e3000 	/System/Library/PrivateFrameworks/AppleVPA.framework/Versions/A/AppleVPA
0x00000000077e3000 	/System/Library/PrivateFrameworks/AppleJPEG.framework/Versions/A/AppleJPEG
0x00000000077e3000 	/System/Library/Frameworks/ImageIO.framework/Versions/A/Resources/libJPEG.dylib
0x00000000077e3000 	/System/Library/Frameworks/ImageIO.framework/Versions/A/Resources/libTIFF.dylib
0x00000000077e3000 	/System/Library/Frameworks/ImageIO.framework/Versions/A/Resources/libPng.dylib
0x00000000077e3000 	/System/Library/Frameworks/ImageIO.framework/Versions/A/Resources/libGIF.dylib
0x00000000077e3000 	/System/Library/Frameworks/ImageIO.framework/Versions/A/Resources/libJP2.dylib
0x00000000077e3000 	/System/Library/Frameworks/ImageIO.framework/Versions/A/Resources/libRadiance.dylib
0x00000000077e3000 	/System/Library/Frameworks/CoreVideo.framework/Versions/A/CoreVideo
0x00000000077e3000 	/System/Library/Frameworks/OpenGL.framework/Versions/A/Libraries/libGLU.dylib
0x00000000077e3000 	/System/Library/Frameworks/OpenGL.framework/Versions/A/Libraries/libGFXShared.dylib
0x00000000077e3000 	/System/Library/Frameworks/OpenGL.framework/Versions/A/Libraries/libGL.dylib
0x00000000077e3000 	/System/Library/Frameworks/OpenGL.framework/Versions/A/Libraries/libGLImage.dylib
0x00000000077e3000 	/System/Library/Frameworks/OpenGL.framework/Versions/A/Libraries/libCVMSPluginSupport.dylib
0x00000000077e3000 	/System/Library/Frameworks/OpenGL.framework/Versions/A/Libraries/libCoreVMClient.dylib
0x00000000077e3000 	/usr/lib/libcups.2.dylib
0x00000000077e3000 	/System/Library/Frameworks/Kerberos.framework/Versions/A/Kerberos
0x00000000077e3000 	/System/Library/Frameworks/GSS.framework/Versions/A/GSS
0x00000000077e3000 	/usr/lib/libresolv.9.dylib
0x00000000077e3000 	/System/Library/PrivateFrameworks/Heimdal.framework/Versions/A/Heimdal
0x00000000077e3000 	/usr/lib/libheimdal-asn1.dylib
0x00000000077e3000 	/System/Library/Frameworks/OpenDirectory.framework/Versions/A/OpenDirectory
0x00000000077e3000 	/System/Library/PrivateFrameworks/CommonAuth.framework/Versions/A/CommonAuth
0x00000000077e3000 	/System/Library/Frameworks/SecurityFoundation.framework/Versions/A/SecurityFoundation
0x00000000077e3000 	/System/Library/Frameworks/QuartzCore.framework/Versions/A/Frameworks/CoreImage.framework/Versions/A/CoreImage
0x00000000077e3000 	/System/Library/PrivateFrameworks/CrashReporterSupport.framework/Versions/A/CrashReporterSupport
0x00000000077e3000 	/System/Library/Frameworks/OpenCL.framework/Versions/A/OpenCL
0x00000000077e3000 	/System/Library/PrivateFrameworks/FaceCore.framework/Versions/A/FaceCore
0x00000000077e3000 	/System/Library/PrivateFrameworks/Ubiquity.framework/Versions/A/Ubiquity
0x00000000077e3000 	/System/Library/PrivateFrameworks/IconServices.framework/Versions/A/IconServices
0x00000000077e3000 	/System/Library/PrivateFrameworks/ChunkingLibrary.framework/Versions/A/ChunkingLibrary
0x00000000077e3000 	/System/Library/PrivateFrameworks/Apple80211.framework/Versions/A/Apple80211
0x00000000077e3000 	/System/Library/Frameworks/CoreWLAN.framework/Versions/A/CoreWLAN
0x00000000077e3000 	/System/Library/Frameworks/IOBluetooth.framework/Versions/A/IOBluetooth
0x00000000077e3000 	/System/Library/Frameworks/CoreWiFi.framework/Versions/A/CoreWiFi
0x00000000077e3000 	/System/Library/Frameworks/CoreBluetooth.framework/Versions/A/CoreBluetooth
0x00000000077e3000 	/System/Library/PrivateFrameworks/DebugSymbols.framework/Versions/A/DebugSymbols
0x00000000077e3000 	/System/Library/PrivateFrameworks/CoreSymbolication.framework/Versions/A/CoreSymbolication
0x00000000077e3000 	/System/Library/PrivateFrameworks/Symbolication.framework/Versions/A/Symbolication
0x00000000077e3000 	/System/Library/PrivateFrameworks/SpeechRecognitionCore.framework/Versions/A/SpeechRecognitionCore
0x000000010672d000 	/Library/Java/JavaVirtualMachines/jdk1.8.0_05.jdk/Contents/Home/jre/lib/server/libjvm.dylib
0x00000000077e3000 	/usr/lib/libstdc++.6.dylib
0x0000000107f07000 	/Library/Java/JavaVirtualMachines/jdk1.8.0_05.jdk/Contents/Home/jre/lib/libverify.dylib
0x0000000107f15000 	/Library/Java/JavaVirtualMachines/jdk1.8.0_05.jdk/Contents/Home/jre/lib/libjava.dylib
0x0000000107f53000 	/Library/Java/JavaVirtualMachines/jdk1.8.0_05.jdk/Contents/Home/jre/lib/libzip.dylib
0x00000001173e8000 	/System/Library/Frameworks/JavaVM.framework/Frameworks/JavaRuntimeSupport.framework/JavaRuntimeSupport
0x00000001de1e9000 	/System/Library/Frameworks/JavaVM.framework/Versions/A/Frameworks/JavaNativeFoundation.framework/Versions/A/JavaNativeFoundation
0x00000001de1fe000 	/System/Library/Frameworks/JavaVM.framework/Versions/A/JavaVM
0x00000000077e3000 	/System/Library/Frameworks/Carbon.framework/Versions/A/Carbon
0x00000001de20b000 	/System/Library/PrivateFrameworks/JavaLaunching.framework/Versions/A/JavaLaunching
0x00000000077e3000 	/System/Library/Frameworks/Carbon.framework/Versions/A/Frameworks/CommonPanels.framework/Versions/A/CommonPanels
0x00000000077e3000 	/System/Library/Frameworks/Carbon.framework/Versions/A/Frameworks/Help.framework/Versions/A/Help
0x00000000077e3000 	/System/Library/Frameworks/Carbon.framework/Versions/A/Frameworks/ImageCapture.framework/Versions/A/ImageCapture
0x00000000077e3000 	/System/Library/Frameworks/Carbon.framework/Versions/A/Frameworks/OpenScripting.framework/Versions/A/OpenScripting
0x00000000077e3000 	/System/Library/Frameworks/Carbon.framework/Versions/A/Frameworks/Print.framework/Versions/A/Print
0x00000000077e3000 	/System/Library/Frameworks/Carbon.framework/Versions/A/Frameworks/SecurityHI.framework/Versions/A/SecurityHI
0x00000001e01cd000 	/Applications/IntelliJ IDEA 13 CE.app/bin/libbreakgen64.jnilib
0x00000001e02d3000 	/Library/Java/JavaVirtualMachines/jdk1.8.0_05.jdk/Contents/Home/jre/lib/libnet.dylib
0x00000001e0331000 	/Library/Java/JavaVirtualMachines/jdk1.8.0_05.jdk/Contents/Home/jre/lib/libawt.dylib
0x00000001e03e0000 	/Library/Java/JavaVirtualMachines/jdk1.8.0_05.jdk/Contents/Home/jre/lib/./libmlib_image.dylib
0x00000001e04ac000 	/Library/Java/JavaVirtualMachines/jdk1.8.0_05.jdk/Contents/Home/jre/lib/libawt_lwawt.dylib
0x00000001e055e000 	/Library/Java/JavaVirtualMachines/jdk1.8.0_05.jdk/Contents/Home/jre/lib/./libosxapp.dylib
0x00000000077e3000 	/System/Library/Frameworks/ExceptionHandling.framework/Versions/A/ExceptionHandling
0x00000000077e3000 	/System/Library/PrivateFrameworks/CoreServicesInternal.framework/Versions/A/CoreServicesInternal
0x00000000077e3000 	/System/Library/PrivateFrameworks/CloudDocs.framework/Versions/A/CloudDocs
0x00000000077e3000 	/System/Library/PrivateFrameworks/CoreDuet.framework/Versions/A/CoreDuet
0x00000000077e3000 	/System/Library/Frameworks/CloudKit.framework/Versions/A/CloudKit
0x00000000077e3000 	/System/Library/PrivateFrameworks/ProtocolBuffer.framework/Versions/A/ProtocolBuffer
0x00000000077e3000 	/System/Library/PrivateFrameworks/CoreDuetDaemonProtocol.framework/Versions/A/CoreDuetDaemonProtocol
0x00000000077e3000 	/System/Library/PrivateFrameworks/CoreDuetDebugLogging.framework/Versions/A/CoreDuetDebugLogging
0x00000000077e3000 	/System/Library/Frameworks/CoreLocation.framework/Versions/A/CoreLocation
0x00000000077e3000 	/System/Library/Frameworks/Accounts.framework/Versions/A/Accounts
0x00000000077e3000 	/System/Library/PrivateFrameworks/ApplePushService.framework/Versions/A/ApplePushService
0x00000000077e3000 	/System/Library/PrivateFrameworks/GeoServices.framework/Versions/A/GeoServices
0x00000000077e3000 	/System/Library/PrivateFrameworks/OAuth.framework/Versions/A/OAuth
0x00000000077e3000 	/System/Library/PrivateFrameworks/CoreDaemon.framework/Versions/B/CoreDaemon
0x00000000077e3000 	/usr/lib/libcrypto.0.9.8.dylib
0x00000000077e3000 	/System/Library/PrivateFrameworks/AppleSRP.framework/Versions/A/AppleSRP
0x00000000077e3000 	/System/Library/PrivateFrameworks/TrustEvaluationAgent.framework/Versions/A/TrustEvaluationAgent
0x00000000077e3000 	/System/Library/Frameworks/CoreGraphics.framework/Versions/A/Resources/libCGCMS.A.dylib
0x00000000077e3000 	/System/Library/Frameworks/CoreGraphics.framework/Versions/A/Resources/libRIP.A.dylib
0x00000000077e3000 	/System/Library/Frameworks/CoreGraphics.framework/Versions/A/Resources/libCGXType.A.dylib
0x00000000077e3000 	/System/Library/Frameworks/OpenCL.framework/Versions/A/Libraries/libcldcpuengine.dylib
0x00000000077e3000 	/System/Library/PrivateFrameworks/DiskImages.framework/Versions/A/DiskImages
0x00000000077e3000 	/System/Library/Frameworks/DiscRecording.framework/Versions/A/DiscRecording
0x00000000077e3000 	/usr/lib/libcsfde.dylib
0x00000000077e3000 	/usr/lib/libcurl.4.dylib
0x00000000077e3000 	/System/Library/PrivateFrameworks/MediaKit.framework/Versions/A/MediaKit
0x00000000077e3000 	/System/Library/PrivateFrameworks/ProtectedCloudStorage.framework/Versions/A/ProtectedCloudStorage
0x00000000077e3000 	/usr/lib/libCoreStorage.dylib
0x00000000077e3000 	/System/Library/PrivateFrameworks/EFILogin.framework/Versions/A/EFILogin
0x00000000077e3000 	/usr/lib/libutil.dylib
0x00000000077e3000 	/System/Library/PrivateFrameworks/FindMyDevice.framework/Versions/A/FindMyDevice
0x00000000077e3000 	/System/Library/Frameworks/LDAP.framework/Versions/A/LDAP
0x00000000077e3000 	/usr/lib/libsasl2.2.dylib
0x00000001e299b000 	cl_kernels
0x00000001e299d000 	/System/Library/Frameworks/OpenCL.framework/Versions/A/Libraries/ImageFormats/unorm8_bgra.dylib
0x00000001e298e000 	cl_kernels
0x00000000077e3000 	/System/Library/PrivateFrameworks/FamilyControls.framework/Versions/A/FamilyControls
0x00000000077e3000 	/System/Library/PrivateFrameworks/CommerceKit.framework/Versions/A/Frameworks/CommerceCore.framework/Versions/A/CommerceCore
0x00000000077e3000 	/System/Library/PrivateFrameworks/SystemAdministration.framework/Versions/A/SystemAdministration
0x00000000077e3000 	/System/Library/PrivateFrameworks/AppContainer.framework/Versions/A/AppContainer
0x00000000077e3000 	/System/Library/PrivateFrameworks/SecCodeWrapper.framework/Versions/A/SecCodeWrapper
0x00000000077e3000 	/System/Library/Frameworks/DirectoryService.framework/Versions/A/DirectoryService
0x00000000077e3000 	/System/Library/PrivateFrameworks/LoginUIKit.framework/Versions/A/Frameworks/LoginUICore.framework/Versions/A/LoginUICore
0x00000000077e3000 	/usr/lib/libodfde.dylib
0x00000001e4090000 	/Library/Java/JavaVirtualMachines/jdk1.8.0_05.jdk/Contents/Home/jre/lib/libfontmanager.dylib
0x00000001e40f6000 	/Users/hannes/ideaProjects/NetworkSpace/lib/slick/native/macosx/liblwjgl.dylib
0x00000001e2500000 	/Library/Java/JavaVirtualMachines/jdk1.8.0_05.jdk/Contents/Home/jre/lib/libjawt.dylib
0x00000000077e3000 	/System/Library/Frameworks/OpenGL.framework/Versions/A/Resources/GLEngine.bundle/GLEngine
0x00000000077e3000 	/System/Library/Frameworks/OpenGL.framework/Versions/A/Libraries/libGLProgrammability.dylib
0x0000000000000000 	/System/Library/Extensions/AppleIntelHD5000GraphicsGLDriver.bundle/Contents/MacOS/AppleIntelHD5000GraphicsGLDriver
0x00000000077e3000 	/System/Library/PrivateFrameworks/IOAccelerator.framework/Versions/A/IOAccelerator
0x00000000077e3000 	/System/Library/PrivateFrameworks/GPUSupport.framework/Versions/A/Libraries/libGPUSupportMercury.dylib
0x00000000077e3000 	/System/Library/Frameworks/OpenGL.framework/Versions/A/Resources/GLRendererFloat.bundle/GLRendererFloat

VM Arguments:
jvm_args: -Didea.launcher.port=7545 -Didea.launcher.bin.path=/Applications/IntelliJ IDEA 13 CE.app/bin -Dfile.encoding=UTF-8 
java_command: com.intellij.rt.execution.application.AppMain me.reckter.MainClient -Djava.library.path=./lib/slick/native/
java_class_path (initial): /Library/Java/JavaVirtualMachines/jdk1.8.0_05.jdk/Contents/Home/lib/ant-javafx.jar:/Library/Java/JavaVirtualMachines/jdk1.8.0_05.jdk/Contents/Home/lib/dt.jar:/Library/Java/JavaVirtualMachines/jdk1.8.0_05.jdk/Contents/Home/lib/javafx-mx.jar:/Library/Java/JavaVirtualMachines/jdk1.8.0_05.jdk/Contents/Home/lib/jconsole.jar:/Library/Java/JavaVirtualMachines/jdk1.8.0_05.jdk/Contents/Home/lib/sa-jdi.jar:/Library/Java/JavaVirtualMachines/jdk1.8.0_05.jdk/Contents/Home/lib/tools.jar:/Library/Java/JavaVirtualMachines/jdk1.8.0_05.jdk/Contents/Home/jre/lib/charsets.jar:/Library/Java/JavaVirtualMachines/jdk1.8.0_05.jdk/Contents/Home/jre/lib/deploy.jar:/Library/Java/JavaVirtualMachines/jdk1.8.0_05.jdk/Contents/Home/jre/lib/htmlconverter.jar:/Library/Java/JavaVirtualMachines/jdk1.8.0_05.jdk/Contents/Home/jre/lib/javaws.jar:/Library/Java/JavaVirtualMachines/jdk1.8.0_05.jdk/Contents/Home/jre/lib/jce.jar:/Library/Java/JavaVirtualMachines/jdk1.8.0_05.jdk/Contents/Home/jre/lib/jfr.jar:/Library/Java/JavaVirtualMachines/jdk1.8.0_05.jdk/Contents/Home/jre/lib/jfxswt.jar:/Library/Java/JavaVirtualMachines/jdk1.8.0_05.jdk/Contents/Home/jre/lib/jsse.jar:/Library/Java/JavaVirtualMachines/jdk1.8.0_05.jdk/Contents/Home/jre/lib/management-agent.jar:/Library/Java/JavaVirtualMachines/jdk1.8.0_05.jdk/Contents/Home/jre/lib/plugin.jar:/Library/Java/JavaVirtualMachines/jdk1.8.0_05.jdk/Contents/Home/jre/lib/resources.jar:/Library/Java/JavaVirtualMachines/jdk1.8.0_05.jdk/Contents/Home/jre/lib/rt.jar:/Library/Java/JavaVirtualMachines/jdk1.8.0_05.jdk/Contents/Home/jre/lib/ext/cldrdata.jar:/Library/Java/JavaVirtualMachines/jdk1.8.0_05.jdk/Contents/Home/jre/lib/ext/dnsns.jar:/Library/Java/JavaVirtualMachines/jdk1.8.0_05.jdk/Contents/Home/jre/lib/ext/jfxrt.jar:/Library/Java/JavaVirtualMachines/jdk1.8.0_05.jdk/Contents/Home/jre/lib/ext/localedata.jar:/Library/Java/JavaVirtualMachines/jdk1.8.0_05.jdk/Contents/Home/jre/lib/ext/nashorn.jar:/Library/Java/JavaVirtualMachines/jdk1.8.0_05.j
Launcher Type: SUN_STANDARD

Environment Variables:
PATH=/usr/local/bin:/usr/bin:/bin:/usr/sbin:/sbin
SHELL=/bin/bash

Signal Handlers:
SIGSEGV: [libjvm.dylib+0x55f7df], sa_mask[0]=0xfffefeff, sa_flags=0x00000043
SIGBUS: [libjvm.dylib+0x55f7df], sa_mask[0]=0xfffefeff, sa_flags=0x00000042
SIGFPE: [libjvm.dylib+0x442cfa], sa_mask[0]=0xfffefeff, sa_flags=0x00000042
SIGPIPE: [libjvm.dylib+0x442cfa], sa_mask[0]=0xfffefeff, sa_flags=0x00000042
SIGXFSZ: [libjvm.dylib+0x442cfa], sa_mask[0]=0xfffefeff, sa_flags=0x00000042
SIGILL: [libjvm.dylib+0x442cfa], sa_mask[0]=0xfffefeff, sa_flags=0x00000042
SIGUSR1: SIG_DFL, sa_mask[0]=0x00000000, sa_flags=0x00000000
SIGUSR2: [libjvm.dylib+0x442818], sa_mask[0]=0x00000004, sa_flags=0x00000042
SIGHUP: [libjvm.dylib+0x440ba5], sa_mask[0]=0xfffefeff, sa_flags=0x00000042
SIGINT: [libjvm.dylib+0x440ba5], sa_mask[0]=0xfffefeff, sa_flags=0x00000042
SIGTERM: [libjvm.dylib+0x440ba5], sa_mask[0]=0xfffefeff, sa_flags=0x00000042
SIGQUIT: [libjvm.dylib+0x440ba5], sa_mask[0]=0xfffefeff, sa_flags=0x00000042


---------------  S Y S T E M  ---------------

OS:Bsduname:Darwin 14.0.0 Darwin Kernel Version 14.0.0: Tue Jul 29 16:22:25 PDT 2014; root:xnu-2782.1.62~4/RELEASE_X86_64 x86_64
rlimit: STACK 8192k, CORE 0k, NPROC 709, NOFILE 10240, AS infinity
load average:2.97 2.85 2.66

CPU:total 4 (2 cores per cpu, 2 threads per core) family 6 model 69 stepping 1, cmov, cx8, fxsr, mmx, sse, sse2, sse3, ssse3, sse4.1, sse4.2, popcnt, avx, avx2, aes, clmul, erms, ht, tsc, tscinvbit

Memory: 4k page, physical 8388608k(167956k free)

/proc/meminfo:


vm_info: Java HotSpot(TM) 64-Bit Server VM (25.5-b02) for bsd-amd64 JRE (1.8.0_05-b13), built on Mar 18 2014 00:36:13 by "java_re" with gcc 4.2.1 (Based on Apple Inc. build 5658) (LLVM build 2336.11.00)

time: Mon Aug 11 15:01:02 2014
elapsed time: 5 seconds

